test policy is saved
reset policy is saved
跟丢了: 27
碰撞次数： 0 圆满完成次数： 0 丢失： 1 过近碰撞： 0 当前步长: 27 平均步长： 27.00000001 平均奖励: 0.4306740404115215
跟丢了: 36
碰撞次数： 0 圆满完成次数： 0 丢失： 2 过近碰撞： 0 当前步长: 36 平均步长： 21.000000003333334 平均奖励: 0.45508274276786986
跟丢了: 54
碰撞次数： 0 圆满完成次数： 0 丢失： 3 过近碰撞： 0 当前步长: 54 平均步长： 23.400000002000002 平均奖励: 0.3893555179829228
跟丢了: 35
碰撞次数： 0 圆满完成次数： 0 丢失： 4 过近碰撞： 0 当前步长: 35 平均步长： 21.714285715714286 平均奖励: 0.40618439364446185
跟丢了: 29
碰撞次数： 0 圆满完成次数： 0 丢失： 5 过近碰撞： 0 当前步长: 29 平均步长： 20.111111112222222 平均奖励: 0.4180167941091318
跟丢了: 24
碰撞次数： 0 圆满完成次数： 0 丢失： 6 过近碰撞： 0 当前步长: 24 平均步长： 18.636363637272726 平均奖励: 0.4206917369951732
跟丢了: 38
碰撞次数： 0 圆满完成次数： 0 丢失： 7 过近碰撞： 0 当前步长: 38 平均步长： 18.692307693076923 平均奖励: 0.4213249997578212
跟丢了: 57
碰撞次数： 0 圆满完成次数： 0 丢失： 8 过近碰撞： 0 当前步长: 57 平均步长： 20.000000000666667 平均奖励: 0.45858958101087266
跟丢了: 78
碰撞次数： 0 圆满完成次数： 0 丢失： 9 过近碰撞： 0 当前步长: 78 平均步长： 22.235294118235295 平均奖励: 0.416917581487344
tracker发生碰撞: 144
碰撞次数： 1 圆满完成次数： 0 丢失： 9 过近碰撞： 0 当前步长: 144 平均步长： 27.473684211052632 平均奖励: 0.4472716994072367
跟丢了: 23
碰撞次数： 1 圆满完成次数： 0 丢失： 10 过近碰撞： 0 当前步长: 23 平均步长： 25.952380952857144 平均奖励: 0.4484867997584878
跟丢了: 88
碰撞次数： 1 圆满完成次数： 0 丢失： 11 过近碰撞： 0 当前步长: 88 平均步长： 27.521739130869566 平均奖励: 0.4515161126258977
跟丢了: 75
碰撞次数： 1 圆满完成次数： 0 丢失： 12 过近碰撞： 0 当前步长: 75 平均步长： 28.3200000004 平均奖励: 0.4621656630541451
跟丢了: 77
碰撞次数： 1 圆满完成次数： 0 丢失： 13 过近碰撞： 0 当前步长: 77 平均步长： 29.074074074444443 平均奖励: 0.4682429603629362
跟丢了: 78
碰撞次数： 1 圆满完成次数： 0 丢失： 14 过近碰撞： 0 当前步长: 78 平均步长： 29.75862069 平均奖励: 0.48184014527920677
跟丢了: 44
碰撞次数： 1 圆满完成次数： 0 丢失： 15 过近碰撞： 0 当前步长: 44 平均步长： 29.258064516451615 平均奖励: 0.4796164557687915
跟丢了: 201
碰撞次数： 1 圆满完成次数： 0 丢失： 16 过近碰撞： 0 当前步长: 201 平均步长： 33.5757575760606 平均奖励: 0.5030554268291144
跟丢了: 77
碰撞次数： 1 圆满完成次数： 0 丢失： 17 过近碰撞： 0 当前步长: 77 平均步长： 33.85714285742857 平均奖励: 0.5199037883597577
跟丢了: 64
碰撞次数： 1 圆满完成次数： 0 丢失： 18 过近碰撞： 0 当前步长: 64 平均步长： 33.75675675702703 平均奖励: 0.5136981758482926
跟丢了: 145
碰撞次数： 1 圆满完成次数： 0 丢失： 19 过近碰撞： 0 当前步长: 145 平均步长： 35.74358974384615 平均奖励: 0.5234985409789231
跟丢了: 49
碰撞次数： 1 圆满完成次数： 0 丢失： 20 过近碰撞： 0 当前步长: 49 平均步长： 35.19512195146341 平均奖励: 0.5238359408443938
tracker发生碰撞: 21
碰撞次数： 2 圆满完成次数： 0 丢失： 20 过近碰撞： 0 当前步长: 21 平均步长： 34.046511628139534 平均奖励: 0.5258495018989569
跟丢了: 102
碰撞次数： 2 圆满完成次数： 0 丢失： 21 过近碰撞： 0 当前步长: 102 平均步长： 34.80000000022222 平均奖励: 0.5294558103977731
跟丢了: 43
碰撞次数： 2 圆满完成次数： 0 丢失： 22 过近碰撞： 0 当前步长: 43 平均步长： 34.23404255340425 平均奖励: 0.5304125111015111
跟丢了: 34
碰撞次数： 2 圆满完成次数： 0 丢失： 23 过近碰撞： 0 当前步长: 34 平均步长： 33.53061224510204 平均奖励: 0.5292683196388404
跟丢了: 26
碰撞次数： 2 圆满完成次数： 0 丢失： 24 过近碰撞： 0 当前步长: 26 平均步长： 32.72549019627451 平均奖励: 0.5266972209888111
跟丢了: 18
碰撞次数： 2 圆满完成次数： 0 丢失： 25 过近碰撞： 0 当前步长: 18 平均步长： 31.83018867943396 平均奖励: 0.525477089114934
tracker发生碰撞: 23
碰撞次数： 3 圆满完成次数： 0 丢失： 25 过近碰撞： 0 当前步长: 23 平均步长： 31.090909091090907 平均奖励: 0.526586678053332
跟丢了: 88
碰撞次数： 3 圆满完成次数： 0 丢失： 26 过近碰撞： 0 当前步长: 88 平均步长： 31.543859649298245 平均奖励: 0.5313531504286768
跟丢了: 51
碰撞次数： 3 圆满完成次数： 0 丢失： 27 过近碰撞： 0 当前步长: 51 平均步长： 31.338983051016946 平均奖励: 0.5314179283096038
跟丢了: 24
碰撞次数： 3 圆满完成次数： 0 丢失： 28 过近碰撞： 0 当前步长: 24 平均步长： 30.70491803295082 平均奖励: 0.5295447943919119
跟丢了: 71
碰撞次数： 3 圆满完成次数： 0 丢失： 29 过近碰撞： 0 当前步长: 71 平均步长： 30.857142857301586 平均奖励: 0.5344000733560894
跟丢了: 38
碰撞次数： 3 圆满完成次数： 0 丢失： 30 过近碰撞： 0 当前步长: 38 平均步长： 30.492307692461537 平均奖励: 0.5322064013126477
跟丢了: 67
碰撞次数： 3 圆满完成次数： 0 丢失： 31 过近碰撞： 0 当前步长: 67 平均步长： 30.58208955238806 平均奖励: 0.5341106721646023
跟丢了: 20
碰撞次数： 3 圆满完成次数： 0 丢失： 32 过近碰撞： 0 当前步长: 20 平均步长： 29.98550724652174 平均奖励: 0.5323016112674795
跟丢了: 36
碰撞次数： 3 圆满完成次数： 0 丢失： 33 过近碰撞： 0 当前步长: 36 平均步长： 29.647887324084504 平均奖励: 0.5325563513717703
跟丢了: 92
碰撞次数： 3 圆满完成次数： 0 丢失： 34 过近碰撞： 0 当前步长: 92 平均步长： 30.09589041109589 平均奖励: 0.5339084967704466
跟丢了: 32
碰撞次数： 3 圆满完成次数： 0 丢失： 35 过近碰撞： 0 当前步长: 32 平均步长： 29.720000000133332 平均奖励: 0.5329154140979473
跟丢了: 78
碰撞次数： 3 圆满完成次数： 0 丢失： 36 过近碰撞： 0 当前步长: 78 平均步长： 29.96103896116883 平均奖励: 0.5367942264988592
跟丢了: 34
碰撞次数： 3 圆满完成次数： 0 丢失： 37 过近碰撞： 0 当前步长: 34 平均步长： 29.632911392531643 平均奖励: 0.5340456281061894
跟丢了: 120
碰撞次数： 3 圆满完成次数： 0 丢失： 38 过近碰撞： 0 当前步长: 120 平均步长： 30.382716049506172 平均奖励: 0.528914513080979
tracker发生碰撞: 31
碰撞次数： 4 圆满完成次数： 0 丢失： 38 过近碰撞： 0 当前步长: 31 平均步长： 30.02409638566265 平均奖励: 0.5317235436508736
跟丢了: 86
碰撞次数： 4 圆满完成次数： 0 丢失： 39 过近碰撞： 0 当前步长: 86 平均步长： 30.32941176482353 平均奖励: 0.5337356891986222
跟丢了: 42
碰撞次数： 4 圆满完成次数： 0 丢失： 40 过近碰撞： 0 当前步长: 42 平均步长： 30.114942528850573 平均奖励: 0.5312776329179458
跟丢了: 125
碰撞次数： 4 圆满完成次数： 0 丢失： 41 过近碰撞： 0 当前步长: 125 平均步长： 30.842696629325843 平均奖励: 0.5334747148385004
跟丢了: 373
碰撞次数： 4 圆满完成次数： 0 丢失： 42 过近碰撞： 0 当前步长: 373 平均步长： 34.263736263846155 平均奖励: 0.5321011811931634
跟丢了: 40
碰撞次数： 4 圆满完成次数： 0 丢失： 43 过近碰撞： 0 当前步长: 40 平均步长： 33.95698924741935 平均奖励: 0.5314889916277015
跟丢了: 41
碰撞次数： 4 圆满完成次数： 0 丢失： 44 过近碰撞： 0 当前步长: 跟丢了: 23
碰撞次数： 0 圆满完成次数： 0 丢失： 1 过近碰撞： 0 当前步长: 23 平均步长： 23.00000001 平均奖励: 0.42795473942970247
跟丢了: 30
碰撞次数： 0 圆满完成次数： 0 丢失： 2 过近碰撞： 0 当前步长: 30 平均步长： 17.66666667 平均奖励: 0.4754069927116119
跟丢了: 111
碰撞次数： 0 圆满完成次数： 0 丢失： 3 过近碰撞： 0 当前步长: 111 平均步长： 32.800000002000004 平均奖励: 0.4176429501371599
跟丢了: 33
碰撞次数： 0 圆满完成次数： 0 丢失： 4 过近碰撞： 0 当前步长: 33 平均步长： 28.142857144285717 平均奖励: 0.42660553370590665
跟丢了: 37
碰撞次数： 0 圆满完成次数： 0 丢失： 5 过近碰撞： 0 当前步长: 37 平均步长： 26.00000000111111 平均奖励: 0.44610540419897277
跟丢了: 60
碰撞次数： 0 圆满完成次数： 0 丢失： 6 过近碰撞： 0 当前步长: 60 平均步长： 26.72727272818182 平均奖励: 0.49743283327269744
跟丢了: 57
碰撞次数： 0 圆满完成次数： 0 丢失： 7 过近碰撞： 0 当前步长: 57 平均步长： 27.00000000076923 平均奖励: 0.5091292070542984
跟丢了: 117
碰撞次数： 0 圆满完成次数： 0 丢失： 8 过近碰撞： 0 当前步长: 117 平均步长： 31.200000000666666 平均奖励: 0.564325049566874
跟丢了: 43
碰撞次数： 0 圆满完成次数： 0 丢失： 9 过近碰撞： 0 当前步长: 43 平均步长： 30.05882353 平均奖励: 0.5572726028273235
跟丢了: 52
碰撞次数： 0 圆满完成次数： 0 丢失： 10 过近碰撞： 0 当前步长: 52 平均步长： 29.631578947894738 平均奖励: 0.5501551835240884
跟丢了: 58
碰撞次数： 0 圆满完成次数： 0 丢失： 11 过近碰撞： 0 当前步长: 58 平均步长： 29.57142857190476 平均奖励: 0.5411081533088781
跟丢了: 130
碰撞次数： 0 圆满完成次数： 0 丢失： 12 过近碰撞： 0 当前步长: 130 平均步长： 32.65217391347826 平均奖励: 0.5683921653664786
跟丢了: 81
碰撞次数： 0 圆满完成次数： 0 丢失： 13 过近碰撞： 0 当前步长: 81 平均步长： 33.2800000004 平均奖励: 0.5591879270987044
跟丢了: 36
碰撞次数： 0 圆满完成次数： 0 丢失： 14 过近碰撞： 0 当前步长: 36 平均步长： 32.148148148518516 平均奖励: 0.5558740433135289
跟丢了: 19
碰撞次数： 0 圆满完成次数： 0 丢失： 15 过近碰撞： 0 当前步长: 19 平均步长： 30.586206896896552 平均奖励: 0.5528998597733396
跟丢了: 79
碰撞次数： 0 圆满完成次数： 0 丢失： 16 过近碰撞： 0 当前步长: 79 平均步长： 31.161290322903227 平均奖励: 0.5553486543119099
跟丢了: 70
碰撞次数： 0 圆满完成次数： 0 丢失： 17 过近碰撞： 0 当前步长: 70 平均步长： 31.39393939424242 平均奖励: 0.5597259976921892
跟丢了: 30
碰撞次数： 0 圆满完成次数： 0 丢失： 18 过近碰撞： 0 当前步长: 30 平均步长： 30.45714285742857 平均奖励: 0.5581393393449504
跟丢了: 68
碰撞次数： 0 圆满完成次数： 0 丢失： 19 过近碰撞： 0 当前步长: 68 平均步长： 30.648648648918915 平均奖励: 0.562835223629609
跟丢了: 116
碰撞次数： 0 圆满完成次数： 0 丢失： 20 过近碰撞： 0 当前步长: 116 平均步长： 32.05128205153846 平均奖励: 0.5692362984652489
跟丢了: 78
碰撞次数： 0 圆满完成次数： 0 丢失： 21 过近碰撞： 0 当前步长: 78 平均步长： 32.390243902682926 平均奖励: 0.5564803575117184
跟丢了: 58
碰撞次数： 0 圆满完成次数： 0 丢失： 22 过近碰撞： 0 当前步长: 58 平均步长： 32.23255813976744 平均奖励: 0.5575195664639744
跟丢了: 111
碰撞次数： 0 圆满完成次数： 0 丢失： 23 过近碰撞： 0 当前步长: 111 平均步长： 33.26666666688889 平均奖励: 0.5702407145012317
跟丢了: 41
碰撞次数： 0 圆满完成次数： 0 丢失： 24 过近碰撞： 0 当前步长: 41 平均步长： 32.72340425553191 平均奖励: 0.5650893433807564
跟丢了: 98
碰撞次数： 0 圆满完成次数： 0 丢失： 25 过近碰撞： 0 当前步长: 98 平均步长： 33.387755102244896 平均奖励: 0.5650837086951543
跟丢了: 63
碰撞次数： 0 圆满完成次数： 0 丢失： 26 过近碰撞： 0 当前步长: 63 平均步长： 33.31372549039215 平均奖励: 0.5656514409750956
跟丢了: 77
碰撞次数： 0 圆满完成次数： 0 丢失： 27 过近碰撞： 0 当前步长: 77 平均步长： 33.50943396245283 平均奖励: 0.56772547064407
跟丢了: 71
碰撞次数： 0 圆满完成次数： 0 丢失： 28 过近碰撞： 0 当前步长: 71 平均步长： 33.581818182 平均奖励: 0.5614700939029381
跟丢了: 78
碰撞次数： 0 圆满完成次数： 0 丢失： 29 过近碰撞： 0 当前步长: 78 平均步长： 33.77192982473684 平均奖励: 0.5615987522157427
跟丢了: 58
碰撞次数： 0 圆满完成次数： 0 丢失： 30 过近碰撞： 0 当前步长: 58 平均步长： 33.61016949169491 平均奖励: 0.5632682823393727
跟丢了: 52
碰撞次数： 0 圆满完成次数： 0 丢失： 31 过近碰撞： 0 当前步长: 52 平均步长： 33.36065573786885 平均奖励: 0.5608368117364252
跟丢了: 129
碰撞次数： 0 圆满完成次数： 0 丢失： 32 过近碰撞： 0 当前步长: 129 平均步长： 34.349206349365076 平均奖励: 0.5554457029465492
跟丢了: 15
碰撞次数： 0 圆满完成次数： 0 丢失： 33 过近碰撞： 0 当前步长: 15 平均步长： 33.52307692323077 平均奖励: 0.5502343009121741
跟丢了: 35
碰撞次数： 0 圆满完成次数： 0 丢失： 34 过近碰撞： 0 当前步长: 35 平均步长： 33.04477611955224 平均奖励: 0.5467851160971882
跟丢了: 68
碰撞次数： 0 圆满完成次数： 0 丢失： 35 过近碰撞： 0 当前步长: 68 平均步长： 33.07246376826087 平均奖励: 0.5452045753177034
跟丢了: 28
碰撞次数： 0 圆满完成次数： 0 丢失： 36 过近碰撞： 0 当前步长: 28 平均步长： 32.535211267746476 平均奖励: 0.5438593594209761
跟丢了: 29
碰撞次数： 0 圆满完成次数： 0 丢失： 37 过近碰撞： 0 当前步长: 29 平均步长： 32.04109589054794 平均奖励: 0.5424346239787565
跟丢了: 54
碰撞次数： 0 圆满完成次数： 0 丢失： 38 过近碰撞： 0 当前步长: 54 平均步长： 31.9066666668 平均奖励: 0.5425535810719244
跟丢了: 42
碰撞次数： 0 圆满完成次数： 0 丢失： 39 过近碰撞： 0 当前步长: 42 平均步长： 31.62337662350649 平均奖励: 0.5418104721131077
跟丢了: 34
碰撞次数： 0 圆满完成次数： 0 丢失： 40 过近碰撞： 0 当前步长: 34 平均步长： 31.253164557088606 平均奖励: 0.5399244516453975
跟丢了: 63
碰撞次数： 0 圆满完成次数： 0 丢失： 41 过近碰撞： 0 当前步长: 63 平均步长： 31.259259259382716 平均奖励: 0.537751045053948
跟丢了: 74
碰撞次数： 0 圆满完成次数： 0 丢失： 42 过近碰撞： 0 当前步长: 74 平均步长： 31.397590361566262 平均奖励: 0.533314297915304
跟丢了: 51
碰撞次数： 0 圆满完成次数： 0 丢失： 43 过近碰撞： 0 当前步长: 51 平均步长： 31.258823529529412 平均奖励: 0.5352176828481707
跟丢了: 17
碰撞次数： 0 圆满完成次数： 0 丢失： 44 过近碰撞： 0 当前步长: 17 平均步长： 30.735632184022986 平均奖励: 0.5343160238412653
跟丢了: 171
碰撞次数： 0 圆满完成次数： 0 丢失： 45 过近碰撞： 0 当前步长: 171 平均步长： 31.96629213494382 平均奖励: 0.5368521958968007
跟丢了: 230
碰撞次数： 0 圆满完成次数： 0 丢失： 46 过近碰撞： 0 当前步长: 230 平均步长： 33.79120879131868 平均奖励: 0.5462675379254194
跟丢了: 19
碰撞次数： 0 圆满完成次数： 0 丢失： 47 过近碰撞： 0 当前步长: 19 平均步长： 33.2688172044086 平均奖励: 0.5430509838692748
跟丢了: 42
碰撞次数： 0 圆满完成次数： 0 丢失： 48 过近碰撞： 0 当前步长: 42 平均步长： 33.01052631589474 平均奖励: 跟丢了: 49
碰撞次数： 0 圆满完成次数： 0 丢失： 1 过近碰撞： 0 当前步长: 49 平均步长： 49.00000001 平均奖励: 0.584427961487887
跟丢了: 19
碰撞次数： 0 圆满完成次数： 0 丢失： 2 过近碰撞： 0 当前步长: 19 平均步长： 22.66666667 平均奖励: 0.5633232115854492
跟丢了: 107
碰撞次数： 0 圆满完成次数： 0 丢失： 3 过近碰撞： 0 当前步长: 107 平均步长： 35.000000002 平均奖励: 0.6332091730632691
跟丢了: 60
碰撞次数： 0 圆满完成次数： 0 丢失： 4 过近碰撞： 0 当前步长: 60 平均步长： 33.571428572857144 平均奖励: 0.6089532675137751
跟丢了: 32
碰撞次数： 0 圆满完成次数： 0 丢失： 5 过近碰撞： 0 当前步长: 32 平均步长： 29.66666666777778 平均奖励: 0.6005847192009428
跟丢了: 54
碰撞次数： 0 圆满完成次数： 0 丢失： 6 过近碰撞： 0 当前步长: 54 平均步长： 29.181818182727273 平均奖励: 0.5788573531447915
跟丢了: 81
碰撞次数： 0 圆满完成次数： 0 丢失： 7 过近碰撞： 0 当前步长: 81 平均步长： 30.923076923846153 平均奖励: 0.5439050758620442
跟丢了: 59
碰撞次数： 0 圆满完成次数： 0 丢失： 8 过近碰撞： 0 当前步长: 59 平均步长： 30.733333334 平均奖励: 0.5440972711122422
跟丢了: 19
碰撞次数： 0 圆满完成次数： 0 丢失： 9 过近碰撞： 0 当前步长: 19 平均步长： 28.235294118235295 平均奖励: 0.5401119838694391
跟丢了: 44
碰撞次数： 0 圆满完成次数： 0 丢失： 10 过近碰撞： 0 当前步长: 44 平均步长： 27.578947368947368 平均奖励: 0.5443086744688738
跟丢了: 48
碰撞次数： 0 圆满完成次数： 0 丢失： 11 过近碰撞： 0 当前步长: 48 平均步长： 27.23809523857143 平均奖励: 0.5378633293186692
跟丢了: 54
碰撞次数： 0 圆满完成次数： 0 丢失： 12 过近碰撞： 0 当前步长: 54 平均步长： 27.21739130478261 平均奖励: 0.536623691266555
跟丢了: 60
碰撞次数： 0 圆满完成次数： 0 丢失： 13 过近碰撞： 0 当前步长: 60 平均步长： 27.4400000004 平均奖励: 0.547636741429686
跟丢了: 65
碰撞次数： 0 圆满完成次数： 0 丢失： 14 过近碰撞： 0 当前步长: 65 平均步长： 27.814814815185187 平均奖励: 0.5503667695074483
跟丢了: 75
碰撞次数： 0 圆满完成次数： 0 丢失： 15 过近碰撞： 0 当前步长: 75 平均步长： 28.482758621034485 平均奖励: 0.5512629822715102
跟丢了: 84
碰撞次数： 0 圆满完成次数： 0 丢失： 16 过近碰撞： 0 当前步长: 84 平均步长： 29.35483871 平均奖励: 0.5642607956731766
跟丢了: 105
碰撞次数： 0 圆满完成次数： 0 丢失： 17 过近碰撞： 0 当前步长: 105 平均步长： 30.757575757878787 平均奖励: 0.5780246564888668
跟丢了: 22
碰撞次数： 0 圆满完成次数： 0 丢失： 18 过近碰撞： 0 当前步长: 22 平均步长： 29.62857142885714 平均奖励: 0.5762951773264099
跟丢了: 176
碰撞次数： 0 圆满完成次数： 0 丢失： 19 过近碰撞： 0 当前步长: 176 平均步长： 32.78378378405405 平均奖励: 0.5842293595049762
跟丢了: 75
碰撞次数： 0 圆满完成次数： 0 丢失： 20 过近碰撞： 0 当前步长: 75 平均步长： 33.025641025897436 平均奖励: 0.5864990441615703
跟丢了: 90
碰撞次数： 0 圆满完成次数： 0 丢失： 21 过近碰撞： 0 当前步长: 90 平均步长： 33.609756097804876 平均奖励: 0.577574896137406
跟丢了: 92
碰撞次数： 0 圆满完成次数： 0 丢失： 22 过近碰撞： 0 当前步长: 92 平均步长： 34.18604651186046 平均奖励: 0.5804341716388963
跟丢了: 74
碰撞次数： 0 圆满完成次数： 0 丢失： 23 过近碰撞： 0 当前步长: 74 平均步长： 34.31111111133333 平均奖励: 0.5772719160407226
跟丢了: 96
碰撞次数： 0 圆满完成次数： 0 丢失： 24 过近碰撞： 0 当前步长: 96 平均步长： 34.89361702148936 平均奖励: 0.5698744121738603
跟丢了: 30
碰撞次数： 0 圆满完成次数： 0 丢失： 25 过近碰撞： 0 当前步长: 30 平均步长： 34.0816326532653 平均奖励: 0.5687258711644665
跟丢了: 42
碰撞次数： 0 圆满完成次数： 0 丢失： 26 过近碰撞： 0 当前步长: 42 平均步长： 33.56862745117647 平均奖励: 0.5656842235057541
跟丢了: 84
碰撞次数： 0 圆满完成次数： 0 丢失： 27 过近碰撞： 0 当前步长: 84 平均步长： 33.88679245301886 平均奖励: 0.5666790548350249
跟丢了: 114
碰撞次数： 0 圆满完成次数： 0 丢失： 28 过近碰撞： 0 当前步长: 114 平均步长： 34.72727272745454 平均奖励: 0.5668591449327541
跟丢了: 52
碰撞次数： 0 圆满完成次数： 0 丢失： 29 过近碰撞： 0 当前步长: 52 平均步长： 34.421052631754385 平均奖励: 0.566228374030547
跟丢了: 47
碰撞次数： 0 圆满完成次数： 0 丢失： 30 过近碰撞： 0 当前步长: 47 平均步长： 34.05084745779661 平均奖励: 0.5650704504236829
跟丢了: 31
碰撞次数： 0 圆满完成次数： 0 丢失： 31 过近碰撞： 0 当前步长: 31 平均步长： 33.442622950983605 平均奖励: 0.5614815566765313
跟丢了: 36
碰撞次数： 0 圆满完成次数： 0 丢失： 32 过近碰撞： 0 当前步长: 36 平均步长： 32.952380952539684 平均奖励: 0.5569383989439272
跟丢了: 57
碰撞次数： 0 圆满完成次数： 0 丢失： 33 过近碰撞： 0 当前步长: 57 平均步长： 32.81538461553846 平均奖励: 0.5572322188786346
跟丢了: 87
碰撞次数： 0 圆满完成次数： 0 丢失： 34 过近碰撞： 0 当前步长: 87 平均步长： 33.13432835835821 平均奖励: 0.5617244029377848
跟丢了: 54
碰撞次数： 0 圆满完成次数： 0 丢失： 35 过近碰撞： 0 当前步长: 54 平均步长： 32.95652173927536 平均奖励: 0.560263682202239
跟丢了: 64
碰撞次数： 0 圆满完成次数： 0 丢失： 36 过近碰撞： 0 当前步长: 64 平均步长： 32.92957746492958 平均奖励: 0.5565579472086634
跟丢了: 54
碰撞次数： 0 圆满完成次数： 0 丢失： 37 过近碰撞： 0 当前步长: 54 平均步长： 32.76712328780822 平均奖励: 0.5524357260103141
跟丢了: 62
碰撞次数： 0 圆满完成次数： 0 丢失： 38 过近碰撞： 0 当前步长: 62 平均步长： 32.72000000013333 平均奖励: 0.5512204915750125
跟丢了: 47
碰撞次数： 0 圆满完成次数： 0 丢失： 39 过近碰撞： 0 当前步长: 47 平均步长： 32.48051948064935 平均奖励: 0.5462395311761451
跟丢了: 39
碰撞次数： 0 圆满完成次数： 0 丢失： 40 过近碰撞： 0 当前步长: 39 平均步长： 32.1518987343038 平均奖励: 0.5471499754990892
跟丢了: 24
碰撞次数： 0 圆满完成次数： 0 丢失： 41 过近碰撞： 0 当前步长: 24 平均步长： 31.654320987777776 平均奖励: 0.5463086143106767
跟丢了: 56
碰撞次数： 0 圆满完成次数： 0 丢失： 42 过近碰撞： 0 当前步长: 56 平均步长： 31.566265060361445 平均奖励: 0.539580069624481
tracker发生碰撞: 26
碰撞次数： 1 圆满完成次数： 0 丢失： 42 过近碰撞： 0 当前步长: 26 平均步长： 31.129411764823526 平均奖励: 0.5418029956326048
跟丢了: 36
碰撞次数： 1 圆满完成次数： 0 丢失： 43 过近碰撞： 0 当前步长: 36 平均步长： 30.827586207011493 平均奖励: 0.540714940015698
跟丢了: 47
碰撞次数： 1 圆满完成次数： 0 丢失： 44 过近碰撞： 0 当前步长: 47 平均步长： 30.662921348426966 平均奖励: 0.540426085471236
跟丢了: 26
碰撞次数： 1 圆满完成次数： 0 丢失： 45 过近碰撞： 0 当前步长: 26 平均步长： 30.274725274835163 平均奖励: 0.5383988209024541
跟丢了: 67
碰撞次数： 1 圆满完成次数： 0 丢失： 46 过近碰撞： 0 当前步长: 67 平均步长： 30.344086021612902 平均奖励: 0.5356968147608788
跟丢了: 55
碰撞次数： 1 圆满完成次数： 0 丢失： 47 过近碰撞： 0 当前步长: 55 平均步长： 30.284210526421052 平均奖励: 跟丢了: 26
碰撞次数： 0 圆满完成次数： 0 丢失： 1 过近碰撞： 0 当前步长: 26 平均步长： 26.00000001 平均奖励: 0.4597194426826289
跟丢了: 25
碰撞次数： 0 圆满完成次数： 0 丢失： 2 过近碰撞： 0 当前步长: 25 平均步长： 17.000000003333334 平均奖励: 0.46852193503182743
跟丢了: 77
碰撞次数： 0 圆满完成次数： 0 丢失： 3 过近碰撞： 0 当前步长: 77 平均步长： 25.600000002 平均奖励: 0.4800268523306289
跟丢了: 36
碰撞次数： 0 圆满完成次数： 0 丢失： 4 过近碰撞： 0 当前步长: 36 平均步长： 23.42857143 平均奖励: 0.4880968006741319
跟丢了: 50
碰撞次数： 0 圆满完成次数： 0 丢失： 5 过近碰撞： 0 当前步长: 50 平均步长： 23.77777777888889 平均奖励: 0.518365326814038
跟丢了: 36
碰撞次数： 0 圆满完成次数： 0 丢失： 6 过近碰撞： 0 当前步长: 36 平均步长： 22.72727272818182 平均奖励: 0.5142842237506248
跟丢了: 27
碰撞次数： 0 圆满完成次数： 0 丢失： 7 过近碰撞： 0 当前步长: 27 平均步长： 21.30769230846154 平均奖励: 0.49734117878781353
跟丢了: 80
碰撞次数： 0 圆满完成次数： 0 丢失： 8 过近碰撞： 0 当前步长: 80 平均步长： 23.800000000666667 平均奖励: 0.5055952295990824
跟丢了: 30
碰撞次数： 0 圆满完成次数： 0 丢失： 9 过近碰撞： 0 当前步长: 30 平均步长： 22.764705882941175 平均奖励: 0.498773623621238
跟丢了: 59
碰撞次数： 0 圆满完成次数： 0 丢失： 10 过近碰撞： 0 当前步长: 59 平均步长： 23.473684211052632 平均奖励: 0.5104278622293615
跟丢了: 44
碰撞次数： 0 圆满完成次数： 0 丢失： 11 过近碰撞： 0 当前步长: 44 平均步长： 23.333333333809524 平均奖励: 0.5064711034420338
跟丢了: 34
碰撞次数： 0 圆满完成次数： 0 丢失： 12 过近碰撞： 0 当前步长: 34 平均步长： 22.782608696086957 平均奖励: 0.49171748078244787
跟丢了: 25
碰撞次数： 0 圆满完成次数： 0 丢失： 13 过近碰撞： 0 当前步长: 25 平均步长： 21.9600000004 平均奖励: 0.49093261890702095
跟丢了: 88
碰撞次数： 0 圆满完成次数： 0 丢失： 14 过近碰撞： 0 当前步长: 88 平均步长： 23.592592592962962 平均奖励: 0.4910089406647418
跟丢了: 37
碰撞次数： 0 圆满完成次数： 0 丢失： 15 过近碰撞： 0 当前步长: 37 平均步长： 23.241379310689656 平均奖励: 0.4920342949800099
跟丢了: 111
碰撞次数： 0 圆满完成次数： 0 丢失： 16 过近碰撞： 0 当前步长: 111 平均步长： 25.32258064548387 平均奖励: 0.5167134627617835
跟丢了: 87
碰撞次数： 0 圆满完成次数： 0 丢失： 17 过近碰撞： 0 当前步长: 87 平均步长： 26.424242424545454 平均奖励: 0.5245313722923665
跟丢了: 56
碰撞次数： 0 圆满完成次数： 0 丢失： 18 过近碰撞： 0 当前步长: 56 平均步长： 26.51428571457143 平均奖励: 0.5302587324047748
跟丢了: 55
碰撞次数： 0 圆满完成次数： 0 丢失： 19 过近碰撞： 0 当前步长: 55 平均步长： 26.567567567837838 平均奖励: 0.529613059065486
跟丢了: 62
碰撞次数： 0 圆满完成次数： 0 丢失： 20 过近碰撞： 0 当前步长: 62 平均步长： 26.794871795128202 平均奖励: 0.5306715059115592
跟丢了: 40
碰撞次数： 0 圆满完成次数： 0 丢失： 21 过近碰撞： 0 当前步长: 40 平均步长： 26.46341463439024 平均奖励: 0.5258358795977962
跟丢了: 114
碰撞次数： 0 圆满完成次数： 0 丢失： 22 过近碰撞： 0 当前步长: 114 平均步长： 27.883720930465113 平均奖励: 0.536120353558427
跟丢了: 76
碰撞次数： 0 圆满完成次数： 0 丢失： 23 过近碰撞： 0 当前步长: 76 平均步长： 28.333333333555554 平均奖励: 0.5433830412173566
跟丢了: 137
碰撞次数： 0 圆满完成次数： 0 丢失： 24 过近碰撞： 0 当前步长: 137 平均步长： 30.042553191702126 平均奖励: 0.5537940535587887
跟丢了: 32
碰撞次数： 0 圆满完成次数： 0 丢失： 25 过近碰撞： 0 当前步长: 32 平均步长： 29.46938775530612 平均奖励: 0.5498019306656328
跟丢了: 36
碰撞次数： 0 圆满完成次数： 0 丢失： 26 过近碰撞： 0 当前步长: 36 平均步长： 29.019607843333333 平均奖励: 0.5440455338748196
跟丢了: 89
碰撞次数： 0 圆满完成次数： 0 丢失： 27 过近碰撞： 0 当前步长: 89 平均步长： 29.603773585094338 平均奖励: 0.5371156593924541
跟丢了: 41
碰撞次数： 0 圆满完成次数： 0 丢失： 28 过近碰撞： 0 当前步长: 41 平均步长： 29.27272727290909 平均奖励: 0.5325899858649559
跟丢了: 54
碰撞次数： 0 圆满完成次数： 0 丢失： 29 过近碰撞： 0 当前步长: 54 平均步长： 29.19298245631579 平均奖励: 0.5357433319288037
跟丢了: 109
碰撞次数： 0 圆满完成次数： 0 丢失： 30 过近碰撞： 0 当前步长: 109 平均步长： 30.050847457796607 平均奖励: 0.5469947809230121
跟丢了: 67
碰撞次数： 0 圆满完成次数： 0 丢失： 31 过近碰撞： 0 当前步长: 67 平均步长： 30.163934426393443 平均奖励: 0.5430769220815859
跟丢了: 57
碰撞次数： 0 圆满完成次数： 0 丢失： 32 过近碰撞： 0 当前步长: 57 平均步长： 30.11111111126984 平均奖励: 0.5419245629161974
跟丢了: 42
碰撞次数： 0 圆满完成次数： 0 丢失： 33 过近碰撞： 0 当前步长: 42 平均步长： 29.830769230923075 平均奖励: 0.5390629084676613
跟丢了: 33
碰撞次数： 0 圆满完成次数： 0 丢失： 34 过近碰撞： 0 当前步长: 33 平均步长： 29.432835821044776 平均奖励: 0.5381557458959586
跟丢了: 57
碰撞次数： 0 圆满完成次数： 0 丢失： 35 过近碰撞： 0 当前步长: 57 平均步长： 29.405797101594203 平均奖励: 0.5417688422024447
跟丢了: 35
碰撞次数： 0 圆满完成次数： 0 丢失： 36 过近碰撞： 0 当前步长: 35 平均步长： 29.07042253535211 平均奖励: 0.5381985104656196
跟丢了: 29
碰撞次数： 0 圆满完成次数： 0 丢失： 37 过近碰撞： 0 当前步长: 29 平均步长： 28.671232876849313 平均奖励: 0.5361973098415567
跟丢了: 122
碰撞次数： 0 圆满完成次数： 0 丢失： 38 过近碰撞： 0 当前步长: 122 平均步长： 29.533333333466665 平均奖励: 0.5410004273877095
跟丢了: 59
碰撞次数： 0 圆满完成次数： 0 丢失： 39 过近碰撞： 0 当前步长: 59 平均步长： 29.5324675325974 平均奖励: 0.5437963393138665
跟丢了: 44
碰撞次数： 0 圆满完成次数： 0 丢失： 40 过近碰撞： 0 当前步长: 44 平均步长： 29.341772152025314 平均奖励: 0.5430089412363635
跟丢了: 11
碰撞次数： 0 圆满完成次数： 0 丢失： 41 过近碰撞： 0 当前步长: 11 平均步长： 28.753086419876542 平均奖励: 0.5402671559390422
跟丢了: 58
碰撞次数： 0 圆满完成次数： 0 丢失： 42 过近碰撞： 0 当前步长: 58 平均步长： 28.759036144698793 平均奖励: 0.540611630242889
跟丢了: 119
碰撞次数： 0 圆满完成次数： 0 丢失： 43 过近碰撞： 0 当前步长: 119 平均步长： 29.482352941294117 平均奖励: 0.5427019738194659
跟丢了: 67
碰撞次数： 0 圆满完成次数： 0 丢失： 44 过近碰撞： 0 当前步长: 67 平均步长： 29.574712643793102 平均奖励: 0.5362958526928386
跟丢了: 63
碰撞次数： 0 圆满完成次数： 0 丢失： 45 过近碰撞： 0 当前步长: 63 平均步长： 29.617977528202246 平均奖励: 0.5359710014820789
跟丢了: 94
碰撞次数： 0 圆满完成次数： 0 丢失： 46 过近碰撞： 0 当前步长: 94 平均步长： 30.00000000010989 平均奖励: 0.5344731457109646
跟丢了: 57
碰撞次数： 0 圆满完成次数： 0 丢失： 47 过近碰撞： 0 当前步长: 57 平均步长： 29.9677419355914 平均奖励: 0.5342516763974757
跟丢了: 59
碰撞次数： 0 圆满完成次数： 0 丢失： 48 过近碰撞： 0 当前步长: 59 平均步长： 29.957894736947367 跟丢了: 11
碰撞次数： 0 圆满完成次数： 0 丢失： 1 过近碰撞： 0 当前步长: 11 平均步长： 11.00000001 平均奖励: 0.49132460580315235
跟丢了: 8
碰撞次数： 0 圆满完成次数： 0 丢失： 2 过近碰撞： 0 当前步长: 8 平均步长： 6.333333336666667 平均奖励: 0.47556450842238585
跟丢了: 8
碰撞次数： 0 圆满完成次数： 0 丢失： 3 过近碰撞： 0 当前步长: 8 平均步长： 5.4000000020000005 平均奖励: 0.4788019163104171
跟丢了: 10
碰撞次数： 0 圆满完成次数： 0 丢失： 4 过近碰撞： 0 当前步长: 10 平均步长： 5.2857142871428575 平均奖励: 0.48900097656780445
跟丢了: 8
碰撞次数： 0 圆满完成次数： 0 丢失： 5 过近碰撞： 0 当前步长: 8 平均步长： 5.000000001111111 平均奖励: 0.47647437937101
跟丢了: 294
碰撞次数： 0 圆满完成次数： 0 丢失： 6 过近碰撞： 0 当前步长: 294 平均步长： 30.81818181909091 平均奖励: 0.7247152040499868
跟丢了: 8
碰撞次数： 0 圆满完成次数： 0 丢失： 7 过近碰撞： 0 当前步长: 8 平均步长： 26.692307693076923 平均奖励: 0.7177549144838329
跟丢了: 9
碰撞次数： 0 圆满完成次数： 0 丢失： 8 过近碰撞： 0 当前步长: 9 平均步长： 23.733333334 平均奖励: 0.7109456094168303
跟丢了: 7
碰撞次数： 0 圆满完成次数： 0 丢失： 9 过近碰撞： 0 当前步长: 7 平均步长： 21.352941177058824 平均奖励: 0.7062858043830362
跟丢了: 12
碰撞次数： 0 圆满完成次数： 0 丢失： 10 过近碰撞： 0 当前步长: 12 平均步长： 19.736842105789474 平均奖励: 0.6942400937005929
跟丢了: 9
碰撞次数： 0 圆满完成次数： 0 丢失： 11 过近碰撞： 0 当前步长: 9 平均步长： 18.285714286190476 平均奖励: 0.6897003769218052
跟丢了: 31
碰撞次数： 0 圆满完成次数： 0 丢失： 12 过近碰撞： 0 当前步长: 31 平均步长： 18.043478261304347 平均奖励: 0.6796872290306663
跟丢了: 20
碰撞次数： 0 圆满完成次数： 0 丢失： 13 过近碰撞： 0 当前步长: 20 平均步长： 17.4000000004 平均奖励: 0.6654107759155193
跟丢了: 13
碰撞次数： 0 圆满完成次数： 0 丢失： 14 过近碰撞： 0 当前步长: 13 平均步长： 16.592592592962962 平均奖励: 0.6586282097159544
跟丢了: 7
碰撞次数： 0 圆满完成次数： 0 丢失： 15 过近碰撞： 0 当前步长: 7 平均步长： 15.689655172758622 平均奖励: 0.6558238852402178
跟丢了: 26
碰撞次数： 0 圆满完成次数： 0 丢失： 16 过近碰撞： 0 当前步长: 26 平均步长： 15.516129032580645 平均奖励: 0.6433682794792882
跟丢了: 9
碰撞次数： 0 圆满完成次数： 0 丢失： 17 过近碰撞： 0 当前步长: 9 平均步长： 14.848484848787878 平均奖励: 0.6408691418376249
跟丢了: 1515
碰撞次数： 0 圆满完成次数： 0 丢失： 18 过近碰撞： 0 当前步长: 1515 平均步长： 57.285714285999994 平均奖励: 0.6308791800526848
跟丢了: 10
碰撞次数： 0 圆满完成次数： 0 丢失： 19 过近碰撞： 0 当前步长: 10 平均步长： 54.45945945972973 平均奖励: 0.630283067348788
跟丢了: 315
碰撞次数： 0 圆满完成次数： 0 丢失： 20 过近碰撞： 0 当前步长: 315 平均步长： 59.74358974384615 平均奖励: 0.6520375527772218
跟丢了: 8
碰撞次数： 0 圆满完成次数： 0 丢失： 21 过近碰撞： 0 当前步长: 8 平均步长： 57.02439024414634 平均奖励: 0.651494193940385
跟丢了: 8
碰撞次数： 0 圆满完成次数： 0 丢失： 22 过近碰撞： 0 当前步长: 8 平均步长： 54.558139535116275 平均奖励: 0.6506652268114621
跟丢了: 10
碰撞次数： 0 圆满完成次数： 0 丢失： 23 过近碰撞： 0 当前步长: 10 平均步长： 52.35555555577778 平均奖励: 0.6495309089428901
跟丢了: 8
碰撞次数： 0 圆满完成次数： 0 丢失： 24 过近碰撞： 0 当前步长: 8 平均步长： 50.29787234063829 平均奖励: 0.6489148673887644
跟丢了: 24
碰撞次数： 0 圆满完成次数： 0 丢失： 25 过近碰撞： 0 当前步长: 24 平均步长： 48.7346938777551 平均奖励: 0.6475366161284005
跟丢了: 9
碰撞次数： 0 圆满完成次数： 0 丢失： 26 过近碰撞： 0 当前步长: 9 平均步长： 47.000000000196074 平均奖励: 0.6467490310452965
跟丢了: 8
碰撞次数： 0 圆满完成次数： 0 丢失： 27 过近碰撞： 0 当前步长: 8 平均步长： 45.377358490754716 平均奖励: 0.6460967969347527
跟丢了: 7
碰撞次数： 0 圆满完成次数： 0 丢失： 28 过近碰撞： 0 当前步长: 7 平均步长： 43.85454545472727 平均奖励: 0.6456095346234303
跟丢了: 11
碰撞次数： 0 圆满完成次数： 0 丢失： 29 过近碰撞： 0 当前步长: 11 平均步长： 42.508771929999995 平均奖励: 0.6454456774465641
跟丢了: 854
碰撞次数： 0 圆满完成次数： 0 丢失： 30 过近碰撞： 0 当前步长: 854 平均步长： 55.542372881525424 平均奖励: 0.6698375657998622
跟丢了: 8
碰撞次数： 0 圆满完成次数： 0 丢失： 31 过近碰撞： 0 当前步长: 8 平均步长： 53.852459016557376 平均奖励: 0.6693681374320437
跟丢了: 9
碰撞次数： 0 圆满完成次数： 0 丢失： 32 过近碰撞： 0 当前步长: 9 平均步长： 52.28571428587301 平均奖励: 0.6687793228592618
跟丢了: 7
碰撞次数： 0 圆满完成次数： 0 丢失： 33 过近碰撞： 0 当前步长: 7 平均步长： 50.78461538476923 平均奖励: 0.6683308247461127
跟丢了: 8
碰撞次数： 0 圆满完成次数： 0 丢失： 34 过近碰撞： 0 当前步长: 8 平均步长： 49.38805970164179 平均奖励: 0.6680209268089218
跟丢了: 8
碰撞次数： 0 圆满完成次数： 0 丢失： 35 过近碰撞： 0 当前步长: 8 平均步长： 48.07246376826087 平均奖励: 0.6675075634673069
跟丢了: 18
碰撞次数： 0 圆满完成次数： 0 丢失： 36 过近碰撞： 0 当前步长: 18 平均步长： 46.97183098605634 平均奖励: 0.6666217750401687
跟丢了: 8
碰撞次数： 0 圆满完成次数： 0 丢失： 37 过近碰撞： 0 当前步长: 8 平均步长： 45.79452054808219 平均奖励: 0.666157903067673
跟丢了: 8
碰撞次数： 0 圆满完成次数： 0 丢失： 38 过近碰撞： 0 当前步长: 8 平均步长： 44.68000000013333 平均奖励: 0.6656718662127781
跟丢了: 11
碰撞次数： 0 圆满完成次数： 0 丢失： 39 过近碰撞： 0 当前步长: 11 平均步长： 43.66233766246753 平均奖励: 0.6650557524521544
跟丢了: 8
碰撞次数： 0 圆满完成次数： 0 丢失： 40 过近碰撞： 0 当前步长: 8 平均步长： 42.658227848227845 平均奖励: 0.6646495217076509
跟丢了: 12
碰撞次数： 0 圆满完成次数： 0 丢失： 41 过近碰撞： 0 当前步长: 12 平均步长： 41.75308641987654 平均奖励: 0.6637680376037404
跟丢了: 10
碰撞次数： 0 圆满完成次数： 0 丢失： 42 过近碰撞： 0 当前步长: 10 平均步长： 40.867469879638556 平均奖励: 0.6632656563638046
跟丢了: 7
碰撞次数： 0 圆满完成次数： 0 丢失： 43 过近碰撞： 0 当前步长: 7 平均步长： 39.988235294235295 平均奖励: 0.6628960613714227
跟丢了: 8
碰撞次数： 0 圆满完成次数： 0 丢失： 44 过近碰撞： 0 当前步长: 8 平均步长： 39.16091954034483 平均奖励: 0.6623327648742343
跟丢了: 10
碰撞次数： 0 圆满完成次数： 0 丢失： 45 过近碰撞： 0 当前步长: 10 平均步长： 38.39325842707865 平均奖励: 0.6617646442361201
跟丢了: 8
碰撞次数： 0 圆满完成次数： 0 丢失： 46 过近碰撞： 0 当前步长: 8 平均步长： 37.63736263747253 平均奖励: 0.6612990470745044
跟丢了: 23
碰撞次数： 0 圆满完成次数： 0 丢失： 47 过近碰撞： 0 当前步长: 23 平均步长： 37.07526881731183 平均奖励: 0.658265513798442
跟丢了: 25
碰撞次数： 0 圆满完成次数： 0 丢失： 48 过近碰撞： 0 当前步长: 25 平均步长： 36.55789473694737 平均奖励: 0.6574191644043511
跟丢了: 7
碰撞次数： 0 跟丢了: 9
碰撞次数： 0 圆满完成次数： 0 丢失： 1 过近碰撞： 0 当前步长: 9 平均步长： 9.00000001 平均奖励: 0.4566481730321826
跟丢了: 11
碰撞次数： 0 圆满完成次数： 0 丢失： 2 过近碰撞： 0 当前步长: 11 平均步长： 6.666666670000001 平均奖励: 0.5037433398365003
跟丢了: 7
碰撞次数： 0 圆满完成次数： 0 丢失： 3 过近碰撞： 0 当前步长: 7 平均步长： 5.4000000020000005 平均奖励: 0.49227814712038453
跟丢了: 8
碰撞次数： 0 圆满完成次数： 0 丢失： 4 过近碰撞： 0 当前步长: 8 平均步长： 5.000000001428572 平均奖励: 0.47768259261518803
跟丢了: 7
碰撞次数： 0 圆满完成次数： 0 丢失： 5 过近碰撞： 0 当前步长: 7 平均步长： 4.666666667777778 平均奖励: 0.477630549837836
跟丢了: 7
碰撞次数： 0 圆满完成次数： 0 丢失： 6 过近碰撞： 0 当前步长: 7 平均步长： 4.454545455454546 平均奖励: 0.47758400405071455
跟丢了: 7
碰撞次数： 0 圆满完成次数： 0 丢失： 7 过近碰撞： 0 当前步长: 7 平均步长： 4.307692308461538 平均奖励: 0.47327799008150584
跟丢了: 8
碰撞次数： 0 圆满完成次数： 0 丢失： 8 过近碰撞： 0 当前步长: 8 平均步长： 4.266666667333334 平均奖励: 0.47175093668933515
跟丢了: 10
碰撞次数： 0 圆满完成次数： 0 丢失： 9 过近碰撞： 0 当前步长: 10 平均步长： 4.352941177058824 平均奖励: 0.4629067187536886
跟丢了: 31
碰撞次数： 0 圆满完成次数： 0 丢失： 10 过近碰撞： 0 当前步长: 31 平均步长： 5.526315790000001 平均奖励: 0.4173721950158686
跟丢了: 18
碰撞次数： 0 圆满完成次数： 0 丢失： 11 过近碰撞： 0 当前步长: 18 平均步长： 5.857142857619048 平均奖励: 0.419473671446068
跟丢了: 34
碰撞次数： 0 圆满完成次数： 0 丢失： 12 过近碰撞： 0 当前步长: 34 平均步长： 6.826086956956522 平均奖励: 0.46329973606271524
跟丢了: 8
碰撞次数： 0 圆满完成次数： 0 丢失： 13 过近碰撞： 0 当前步长: 8 平均步长： 6.600000000400001 平均奖励: 0.46092630372581195
跟丢了: 8
碰撞次数： 0 圆满完成次数： 0 丢失： 14 过近碰撞： 0 当前步长: 8 平均步长： 6.407407407777778 平均奖励: 0.45471010475368817
跟丢了: 25
碰撞次数： 0 圆满完成次数： 0 丢失： 15 过近碰撞： 0 当前步长: 25 平均步长： 6.82758620724138 平均奖励: 0.4686738640718044
跟丢了: 8
碰撞次数： 0 圆满完成次数： 0 丢失： 16 过近碰撞： 0 当前步长: 8 平均步长： 6.645161290645161 平均奖励: 0.4667868083393576
跟丢了: 8
碰撞次数： 0 圆满完成次数： 0 丢失： 17 过近碰撞： 0 当前步长: 8 平均步长： 6.484848485151516 平均奖励: 0.46713129460480934
跟丢了: 11
碰撞次数： 0 圆满完成次数： 0 丢失： 18 过近碰撞： 0 当前步长: 11 平均步长： 6.428571428857143 平均奖励: 0.47137971196508854
跟丢了: 21
碰撞次数： 0 圆满完成次数： 0 丢失： 19 过近碰撞： 0 当前步长: 21 平均步长： 6.648648648918919 平均奖励: 0.4740166869302586
跟丢了: 11
碰撞次数： 0 圆满完成次数： 0 丢失： 20 过近碰撞： 0 当前步长: 11 平均步长： 6.58974359 平均奖励: 0.4771066340150966
跟丢了: 9
碰撞次数： 0 圆满完成次数： 0 丢失： 21 过近碰撞： 0 当前步长: 9 平均步长： 6.487804878292683 平均奖励: 0.4756766643841858
跟丢了: 7
碰撞次数： 0 圆满完成次数： 0 丢失： 22 过近碰撞： 0 当前步长: 7 平均步长： 6.348837209534884 平均奖励: 0.4745344058976794
跟丢了: 8
碰撞次数： 0 圆满完成次数： 0 丢失： 23 过近碰撞： 0 当前步长: 8 平均步长： 6.244444444666667 平均奖励: 0.4749134967879156
跟丢了: 7
碰撞次数： 0 圆满完成次数： 0 丢失： 24 过近碰撞： 0 当前步长: 7 平均步长： 6.127659574680851 平均奖励: 0.4736100349891656
跟丢了: 11
碰撞次数： 0 圆满完成次数： 0 丢失： 25 过近碰撞： 0 当前步长: 11 平均步长： 6.102040816530613 平均奖励: 0.4747484239003045
跟丢了: 7
碰撞次数： 0 圆满完成次数： 0 丢失： 26 过近碰撞： 0 当前步长: 7 平均步长： 6.000000000196079 平均奖励: 0.47407947081753843
跟丢了: 9
碰撞次数： 0 圆满完成次数： 0 丢失： 27 过近碰撞： 0 当前步长: 9 平均步长： 5.943396226603774 平均奖励: 0.4738802939393959
跟丢了: 8
碰撞次数： 0 圆满完成次数： 0 丢失： 28 过近碰撞： 0 当前步长: 8 平均步长： 5.872727272909091 平均奖励: 0.4730173192137478
跟丢了: 25
碰撞次数： 0 圆满完成次数： 0 丢失： 29 过近碰撞： 0 当前步长: 25 平均步长： 6.1052631580701755 平均奖励: 0.4654008457229575
跟丢了: 8
碰撞次数： 0 圆满完成次数： 0 丢失： 30 过近碰撞： 0 当前步长: 8 平均步长： 6.033898305254238 平均奖励: 0.4646650339230121
跟丢了: 12
碰撞次数： 0 圆满完成次数： 0 丢失： 31 过近碰撞： 0 当前步长: 12 平均步长： 6.032786885409836 平均奖励: 0.468498712913547
跟丢了: 11
碰撞次数： 0 圆满完成次数： 0 丢失： 32 过近碰撞： 0 当前步长: 11 平均步长： 6.015873016031746 平均奖励: 0.47097404640023544
跟丢了: 8
碰撞次数： 0 圆满完成次数： 0 丢失： 33 过近碰撞： 0 当前步长: 8 平均步长： 5.953846154 平均奖励: 0.46983129825421166
跟丢了: 8
碰撞次数： 0 圆满完成次数： 0 丢失： 34 过近碰撞： 0 当前步长: 8 平均步长： 5.895522388208955 平均奖励: 0.46905428381074993
跟丢了: 6
碰撞次数： 0 圆满完成次数： 0 丢失： 35 过近碰撞： 0 当前步长: 6 平均步长： 5.811594203043478 平均奖励: 0.46919603572068586
tracker发生碰撞: 9
碰撞次数： 1 圆满完成次数： 0 丢失： 35 过近碰撞： 0 当前步长: 9 平均步长： 5.774647887464789 平均奖励: 0.4677703501844431
跟丢了: 7
碰撞次数： 1 圆满完成次数： 0 丢失： 36 过近碰撞： 0 当前步长: 7 平均步长： 5.712328767260274 平均奖励: 0.4670944278418494
跟丢了: 12
碰撞次数： 1 圆满完成次数： 0 丢失： 37 过近碰撞： 0 当前步长: 12 平均步长： 5.720000000133333 平均奖励: 0.463574560449804
跟丢了: 16
碰撞次数： 1 圆满完成次数： 0 丢失： 38 过近碰撞： 0 当前步长: 16 平均步长： 5.779220779350649 平均奖励: 0.4695181757096
跟丢了: 7
碰撞次数： 1 圆满完成次数： 0 丢失： 39 过近碰撞： 0 当前步长: 7 平均步长： 5.721518987468355 平均奖励: 0.4696133227723483
跟丢了: 7
碰撞次数： 1 圆满完成次数： 0 丢失： 40 过近碰撞： 0 当前步长: 7 平均步长： 5.666666666790124 平均奖励: 0.4689895810314213
跟丢了: 18
碰撞次数： 1 圆满完成次数： 0 丢失： 41 过近碰撞： 0 当前步长: 18 平均步长： 5.746987951927711 平均奖励: 0.4743118394308214
跟丢了: 7
碰撞次数： 1 圆满完成次数： 0 丢失： 42 过近碰撞： 0 当前步长: 7 平均步长： 5.694117647176471 平均奖励: 0.4741457921160902
跟丢了: 8
碰撞次数： 1 圆满完成次数： 0 丢失： 43 过近碰撞： 0 当前步长: 8 平均步长： 5.655172413908046 平均奖励: 0.4740473708379928
跟丢了: 9
碰撞次数： 1 圆满完成次数： 0 丢失： 44 过近碰撞： 0 当前步长: 9 平均步长： 5.629213483258427 平均奖励: 0.4742383792040134
跟丢了: 9
碰撞次数： 1 圆满完成次数： 0 丢失： 45 过近碰撞： 0 当前步长: 9 平均步长： 5.604395604505495 平均奖励: 0.4746009093231282
跟丢了: 7
碰撞次数： 1 圆满完成次数： 0 丢失： 46 过近碰撞： 0 当前步长: 7 平均步长： 5.559139785053763 平均奖励: 0.4745681127321272
跟丢了: 10
碰撞次数： 1 圆满完成次数： 0 丢失： 47 过近碰撞： 0 当前步长: 10 平均步长： 5.547368421157895 平均奖励: 0.47064298695901835
跟丢了: 7
碰撞次数： 1 圆满完成次数： 0 跟丢了: 8
碰撞次数： 0 圆满完成次数： 0 丢失： 1 过近碰撞： 0 当前步长: 8 平均步长： 8.00000001 平均奖励: 0.4985783368454289
跟丢了: 11
碰撞次数： 0 圆满完成次数： 0 丢失： 2 过近碰撞： 0 当前步长: 11 平均步长： 6.333333336666667 平均奖励: 0.4929363847523777
跟丢了: 19
碰撞次数： 0 圆满完成次数： 0 丢失： 3 过近碰撞： 0 当前步长: 19 平均步长： 7.600000002 平均奖励: 0.4393545794959246
跟丢了: 8
碰撞次数： 0 圆满完成次数： 0 丢失： 4 过近碰撞： 0 当前步长: 8 平均步长： 6.571428572857143 平均奖励: 0.443259307828867
跟丢了: 7
碰撞次数： 0 圆满完成次数： 0 丢失： 5 过近碰撞： 0 当前步长: 7 平均步长： 5.8888888900000005 平均奖励: 0.4491071160323318
跟丢了: 15
碰撞次数： 0 圆满完成次数： 0 丢失： 6 过近碰撞： 0 当前步长: 15 平均步长： 6.181818182727273 平均奖励: 0.4492798340326011
跟丢了: 7
碰撞次数： 0 圆满完成次数： 0 丢失： 7 过近碰撞： 0 当前步长: 7 平均步长： 5.769230770000001 平均奖励: 0.4525082805162929
跟丢了: 1373
碰撞次数： 0 圆满完成次数： 0 丢失： 8 过近碰撞： 0 当前步长: 1373 平均步长： 96.53333333399999 平均奖励: 0.7336588369189748
跟丢了: 11
碰撞次数： 0 圆满完成次数： 0 丢失： 9 过近碰撞： 0 当前步长: 11 平均步长： 85.82352941235294 平均奖励: 0.7323789385685454
跟丢了: 7
碰撞次数： 0 圆满完成次数： 0 丢失： 10 过近碰撞： 0 当前步长: 7 平均步长： 77.15789473736841 平均奖励: 0.7311744362127739
跟丢了: 20
碰撞次数： 0 圆满完成次数： 0 丢失： 11 过近碰撞： 0 当前步长: 20 平均步长： 70.76190476238095 平均奖励: 0.7251096003816118
跟丢了: 8
碰撞次数： 0 圆满完成次数： 0 丢失： 12 过近碰撞： 0 当前步长: 8 平均步长： 64.95652173956522 平均奖励: 0.7236180131283707
跟丢了: 7
碰撞次数： 0 圆满完成次数： 0 丢失： 13 过近碰撞： 0 当前步长: 7 平均步长： 60.0400000004 平均奖励: 0.7217952176867214
跟丢了: 8
碰撞次数： 0 圆满完成次数： 0 丢失： 14 过近碰撞： 0 当前步长: 8 平均步长： 55.888888889259256 平均奖励: 0.7202877891392924
跟丢了: 7
碰撞次数： 0 圆满完成次数： 0 丢失： 15 过近碰撞： 0 当前步长: 7 平均步长： 52.27586206931034 平均奖励: 0.719167176549367
跟丢了: 10
碰撞次数： 0 圆满完成次数： 0 丢失： 16 过近碰撞： 0 当前步长: 10 平均步长： 49.22580645193548 平均奖励: 0.7170421507733361
跟丢了: 8
碰撞次数： 0 圆满完成次数： 0 丢失： 17 过近碰撞： 0 当前步长: 8 平均步长： 46.48484848515151 平均奖励: 0.7157567881702249
跟丢了: 11
碰撞次数： 0 圆满完成次数： 0 丢失： 18 过近碰撞： 0 当前步长: 11 平均步长： 44.142857143142855 平均奖励: 0.7141925908871267
跟丢了: 10
碰撞次数： 0 圆满完成次数： 0 丢失： 19 过近碰撞： 0 当前步长: 10 平均步长： 42.027027027297294 平均奖励: 0.7124252582233617
跟丢了: 7
碰撞次数： 0 圆满完成次数： 0 丢失： 20 过近碰撞： 0 当前步长: 7 平均步长： 40.05128205153846 平均奖励: 0.7111532212847296
跟丢了: 311
碰撞次数： 0 圆满完成次数： 0 丢失： 21 过近碰撞： 0 当前步长: 311 平均步长： 45.68292682951219 平均奖励: 0.7302308450065753
跟丢了: 15
碰撞次数： 0 圆满完成次数： 0 丢失： 22 过近碰撞： 0 当前步长: 15 平均步长： 43.9069767444186 平均奖励: 0.7283965767142994
跟丢了: 7
碰撞次数： 0 圆满完成次数： 0 丢失： 23 过近碰撞： 0 当前步长: 7 平均步长： 42.11111111133333 平均奖励: 0.7274049365459728
跟丢了: 7
碰撞次数： 0 圆满完成次数： 0 丢失： 24 过近碰撞： 0 当前步长: 7 平均步长： 40.468085106595744 平均奖励: 0.7263013601617415
跟丢了: 9
碰撞次数： 0 圆满完成次数： 0 丢失： 25 过近碰撞： 0 当前步长: 9 平均步长： 39.00000000020408 平均奖励: 0.7249329455242206
跟丢了: 12
碰撞次数： 0 圆满完成次数： 0 丢失： 26 过近碰撞： 0 当前步长: 12 平均步长： 37.705882353137255 平均奖励: 0.7227915957935013
跟丢了: 7
碰撞次数： 0 圆满完成次数： 0 丢失： 27 过近碰撞： 0 当前步长: 7 平均步长： 36.41509433981132 平均奖励: 0.7219016348319771
跟丢了: 8
碰撞次数： 0 圆满完成次数： 0 丢失： 28 过近碰撞： 0 当前步长: 8 平均步长： 35.236363636545455 平均奖励: 0.7207865030029538
跟丢了: 10
碰撞次数： 0 圆满完成次数： 0 丢失： 29 过近碰撞： 0 当前步长: 10 平均步长： 34.175438596666666 平均奖励: 0.7197476014299954
跟丢了: 8
碰撞次数： 0 圆满完成次数： 0 丢失： 30 过近碰撞： 0 当前步长: 8 平均步长： 33.15254237305084 平均奖励: 0.7187023229132168
跟丢了: 9
碰撞次数： 0 圆满完成次数： 0 丢失： 31 过近碰撞： 0 当前步长: 9 平均步长： 32.21311475426229 平均奖励: 0.7176242891202377
跟丢了: 7
碰撞次数： 0 圆满完成次数： 0 丢失： 32 过近碰撞： 0 当前步长: 7 平均步长： 31.30158730174603 平均奖励: 0.7167750976031165
跟丢了: 9
碰撞次数： 0 圆满完成次数： 0 丢失： 33 过近碰撞： 0 当前步长: 9 平均步长： 30.476923077076922 平均奖励: 0.7159616586104618
跟丢了: 24
碰撞次数： 0 圆满完成次数： 0 丢失： 34 过近碰撞： 0 当前步长: 24 平均步长： 29.92537313447761 平均奖励: 0.7121338062850053
跟丢了: 18
碰撞次数： 0 圆满完成次数： 0 丢失： 35 过近碰撞： 0 当前步长: 18 平均步长： 29.31884057985507 平均奖励: 0.7091589022423478
跟丢了: 18
碰撞次数： 0 圆满完成次数： 0 丢失： 36 过近碰撞： 0 当前步长: 18 平均步长： 28.74647887338028 平均奖励: 0.7066581529223028
跟丢了: 8
碰撞次数： 0 圆满完成次数： 0 丢失： 37 过近碰撞： 0 当前步长: 8 平均步长： 28.068493150821915 平均奖励: 0.7055989413479072
跟丢了: 10
碰撞次数： 0 圆满完成次数： 0 丢失： 38 过近碰撞： 0 当前步长: 10 平均步长： 27.453333333466666 平均奖励: 0.7050358390561813
跟丢了: 24
碰撞次数： 0 圆满完成次数： 0 丢失： 39 过近碰撞： 0 当前步长: 24 平均步长： 27.051948052077922 平均奖励: 0.7025876786097754
跟丢了: 12
碰撞次数： 0 圆满完成次数： 0 丢失： 40 过近碰撞： 0 当前步长: 12 平均步长： 26.518987341898733 平均奖励: 0.7017249370328685
跟丢了: 7
碰撞次数： 0 圆满完成次数： 0 丢失： 41 过近碰撞： 0 当前步长: 7 平均步长： 25.950617284074074 平均奖励: 0.700979037669763
跟丢了: 22
碰撞次数： 0 圆满完成次数： 0 丢失： 42 过近碰撞： 0 当前步长: 22 平均步长： 25.590361445903614 平均奖励: 0.6994453046159403
tracker发生碰撞: 78
碰撞次数： 1 圆满完成次数： 0 丢失： 42 过近碰撞： 0 当前步长: 78 平均步长： 25.90588235305882 平均奖励: 0.6862377829090477
跟丢了: 8
碰撞次数： 1 圆满完成次数： 0 丢失： 43 过近碰撞： 0 当前步长: 8 平均步长： 25.402298850689654 平均奖励: 0.6853237780823667
跟丢了: 484
碰撞次数： 1 圆满完成次数： 0 丢失： 44 过近碰撞： 0 当前步长: 484 平均步长： 30.26966292146067 平均奖励: 0.7051762508766873
跟丢了: 12
碰撞次数： 1 圆满完成次数： 0 丢失： 45 过近碰撞： 0 当前步长: 12 平均步长： 29.736263736373626 平均奖励: 0.7043551533092375
跟丢了: 447
碰撞次数： 1 圆满完成次数： 0 丢失： 46 过近碰撞： 0 当前步长: 447 平均步长： 33.90322580655914 平均奖励: 0.7105147958871653
跟丢了: 643
碰撞次数： 1 圆满完成次数： 0 丢失： 47 过近碰撞： 0 当前步长: 643 平均步长： 39.95789473694737 平均奖励: 0.7257411439783334
跟丢了: 7
跟丢了: 8
碰撞次数： 0 圆满完成次数： 0 丢失： 1 过近碰撞： 0 当前步长: 8 平均步长： 8.00000001 平均奖励: 0.4887969043743579
跟丢了: 7
碰撞次数： 0 圆满完成次数： 0 丢失： 2 过近碰撞： 0 当前步长: 7 平均步长： 5.000000003333334 平均奖励: 0.47595067771919297
跟丢了: 7
碰撞次数： 0 圆满完成次数： 0 丢失： 3 过近碰撞： 0 当前步长: 7 平均步长： 4.4000000020000005 平均奖励: 0.4602166203902693
跟丢了: 16
碰撞次数： 0 圆满完成次数： 0 丢失： 4 过近碰撞： 0 当前步长: 16 平均步长： 5.42857143 平均奖励: 0.5067471964268024
跟丢了: 8
碰撞次数： 0 圆满完成次数： 0 丢失： 5 过近碰撞： 0 当前步长: 8 平均步长： 5.111111112222222 平均奖励: 0.4952507769440516
跟丢了: 7
碰撞次数： 0 圆满完成次数： 0 丢失： 6 过近碰撞： 0 当前步长: 7 平均步长： 4.818181819090909 平均奖励: 0.488112449975878
跟丢了: 14
碰撞次数： 0 圆满完成次数： 0 丢失： 7 过近碰撞： 0 当前步长: 14 平均步长： 5.153846154615385 平均奖励: 0.4801637322731855
跟丢了: 1244
碰撞次数： 0 圆满完成次数： 0 丢失： 8 过近碰撞： 0 当前步长: 1244 平均步长： 87.40000000066667 平均奖励: 0.7679746479384858
跟丢了: 10
碰撞次数： 0 圆满完成次数： 0 丢失： 9 过近碰撞： 0 当前步长: 10 平均步长： 77.7058823535294 平均奖励: 0.7655204046828028
跟丢了: 8
碰撞次数： 0 圆满完成次数： 0 丢失： 10 过近碰撞： 0 当前步长: 8 平均步长： 69.94736842157894 平均奖励: 0.7634483880712182
跟丢了: 9
碰撞次数： 0 圆满完成次数： 0 丢失： 11 过近碰撞： 0 当前步长: 9 平均步长： 63.7142857147619 平均奖励: 0.761388573835524
跟丢了: 12
碰撞次数： 0 圆满完成次数： 0 丢失： 12 过近碰撞： 0 当前步长: 12 平均步长： 58.69565217434782 平均奖励: 0.7578578345299176
跟丢了: 9
碰撞次数： 0 圆满完成次数： 0 丢失： 13 过近碰撞： 0 当前步长: 9 平均步长： 54.36000000039999 平均奖励: 0.7560166746638886
跟丢了: 251
碰撞次数： 0 圆满完成次数： 0 丢失： 14 过近碰撞： 0 当前步长: 251 平均步长： 59.62962963 平均奖励: 0.7509286226837439
跟丢了: 9
碰撞次数： 0 圆满完成次数： 0 丢失： 15 过近碰撞： 0 当前步长: 9 平均步长： 55.827586207241374 平均奖励: 0.7485693668762715
跟丢了: 9
碰撞次数： 0 圆满完成次数： 0 丢失： 16 过近碰撞： 0 当前步长: 9 平均步长： 52.51612903258064 平均奖励: 0.7466944524763843
跟丢了: 7
碰撞次数： 0 圆满完成次数： 0 丢失： 17 过近碰撞： 0 当前步长: 7 平均步长： 49.54545454575757 平均奖励: 0.745513694790073
跟丢了: 1340
碰撞次数： 0 圆满完成次数： 0 丢失： 18 过近碰撞： 0 当前步长: 1340 平均步长： 85.00000000028571 平均奖励: 0.7814278398809055
跟丢了: 9
碰撞次数： 0 圆满完成次数： 0 丢失： 19 过近碰撞： 0 当前步长: 9 平均步长： 80.64864864891892 平均奖励: 0.7808367908966318
跟丢了: 10
碰撞次数： 0 圆满完成次数： 0 丢失： 20 过近碰撞： 0 当前步长: 10 平均步长： 76.76923076948718 平均奖励: 0.7795694755681588
跟丢了: 8
碰撞次数： 0 圆满完成次数： 0 丢失： 21 过近碰撞： 0 当前步长: 8 平均步长： 73.21951219536585 平均奖励: 0.7786175546963064
跟丢了: 782
碰撞次数： 0 圆满完成次数： 0 丢失： 22 过近碰撞： 0 当前步长: 782 平均步长： 88.00000000023256 平均奖励: 0.7797895705037221
跟丢了: 16
碰撞次数： 0 圆满完成次数： 0 丢失： 23 过近碰撞： 0 当前步长: 16 平均步长： 84.44444444466666 平均奖励: 0.7780839796947956
跟丢了: 9
碰撞次数： 0 圆满完成次数： 0 丢失： 24 过近碰撞： 0 当前步长: 9 平均步长： 81.04255319170213 平均奖励: 0.7771787404546193
跟丢了: 7
碰撞次数： 0 圆满完成次数： 0 丢失： 25 过近碰撞： 0 当前步长: 7 平均步长： 77.87755102061224 平均奖励: 0.776583971000587
跟丢了: 7
碰撞次数： 0 圆满完成次数： 0 丢失： 26 过近碰撞： 0 当前步长: 7 平均步长： 74.96078431392156 平均奖励: 0.7759299796680137
跟丢了: 18
碰撞次数： 0 圆满完成次数： 0 丢失： 27 过近碰撞： 0 当前步长: 18 平均步长： 72.47169811339623 平均奖励: 0.7744192854931384
跟丢了: 8
碰撞次数： 0 圆满完成次数： 0 丢失： 28 过近碰撞： 0 当前步长: 8 平均步长： 69.981818182 平均奖励: 0.7736742435246547
跟丢了: 7
碰撞次数： 0 圆满完成次数： 0 丢失： 29 过近碰撞： 0 当前步长: 7 平均步长： 67.64912280719298 平均奖励: 0.7731069287063853
跟丢了: 8
碰撞次数： 0 圆满完成次数： 0 丢失： 30 过近碰撞： 0 当前步长: 8 平均步长： 65.49152542389831 平均奖励: 0.7724547298621492
跟丢了: 7
碰撞次数： 0 圆满完成次数： 0 丢失： 31 过近碰撞： 0 当前步长: 7 平均步长： 63.459016393606554 平均奖励: 0.7718632618585543
跟丢了: 7
碰撞次数： 0 圆满完成次数： 0 丢失： 32 过近碰撞： 0 当前步长: 7 平均步长： 61.555555555714285 平均奖励: 0.7713346364907521
跟丢了: 1291
碰撞次数： 0 圆满完成次数： 0 丢失： 33 过近碰撞： 0 当前步长: 1291 平均步长： 79.52307692323076 平均奖励: 0.7618303846793949
跟丢了: 8
碰撞次数： 0 圆满完成次数： 0 丢失： 34 过近碰撞： 0 当前步长: 8 平均步长： 77.26865671656716 平均奖励: 0.7614276256036587
跟丢了: 180
碰撞次数： 0 圆满完成次数： 0 丢失： 35 过近碰撞： 0 当前步长: 180 平均步长： 77.63768115956522 平均奖励: 0.7606383345564375
跟丢了: 8
碰撞次数： 0 圆满完成次数： 0 丢失： 36 过近碰撞： 0 当前步长: 8 平均步长： 75.56338028183099 平均奖励: 0.7601558054833654
跟丢了: 8
碰撞次数： 0 圆满完成次数： 0 丢失： 37 过近碰撞： 0 当前步长: 8 平均步长： 73.60273972616439 平均奖励: 0.7596904361570698
跟丢了: 7
碰撞次数： 0 圆满完成次数： 0 丢失： 38 过近碰撞： 0 当前步长: 7 平均步长： 71.73333333346666 平均奖励: 0.7592627762558495
跟丢了: 29
碰撞次数： 0 圆满完成次数： 0 丢失： 39 过近碰撞： 0 当前步长: 29 平均步长： 70.24675324688312 平均奖励: 0.7564412629531081
跟丢了: 26
碰撞次数： 0 圆满完成次数： 0 丢失： 40 过近碰撞： 0 当前步长: 26 平均步长： 68.79746835455695 平均奖励: 0.7557950147273923
跟丢了: 9
碰撞次数： 0 圆满完成次数： 0 丢失： 41 过近碰撞： 0 当前步长: 9 平均步长： 67.20987654333334 平均奖励: 0.7552431601643534
跟丢了: 7
碰撞次数： 0 圆满完成次数： 0 丢失： 42 过近碰撞： 0 当前步长: 7 平均步长： 65.6746987953012 平均奖励: 0.7548711015469189
跟丢了: 7
碰撞次数： 0 圆满完成次数： 0 丢失： 43 过近碰撞： 0 当前步长: 7 平均步长： 64.211764706 平均奖励: 0.754466716437477
跟丢了: 8
碰撞次数： 0 圆满完成次数： 0 丢失： 44 过近碰撞： 0 当前步长: 8 平均步长： 62.82758620701149 平均奖励: 0.7540439122465227
跟丢了: 9
碰撞次数： 0 圆满完成次数： 0 丢失： 45 过近碰撞： 0 当前步长: 9 平均步长： 61.51685393269663 平均奖励: 0.7534789204682503
跟丢了: 7
碰撞次数： 0 圆满完成次数： 0 丢失： 46 过近碰撞： 0 当前步长: 7 平均步长： 60.24175824186813 平均奖励: 0.7531304957347348
跟丢了: 8
碰撞次数： 0 圆满完成次数： 0 丢失： 47 过近碰撞： 0 当前步长: 8 平均步长： 59.032258064623655 平均奖励: 0.752639732270428
跟丢了: 10
碰撞次数： 0 圆满完成次数： 0 丢失： 48 过近碰撞： 0 当前步长: 10 平均步长： 57.89473684221053 平均奖励: 0.7524352929746766
跟丢了: 7
碰撞次数： 0 圆满完成次数： 0 丢失： 49 跟丢了: 8
碰撞次数： 0 圆满完成次数： 0 丢失： 1 过近碰撞： 0 当前步长: 8 平均步长： 8.00000001 平均奖励: 0.49080030584288353
跟丢了: 7
碰撞次数： 0 圆满完成次数： 0 丢失： 2 过近碰撞： 0 当前步长: 7 平均步长： 5.000000003333334 平均奖励: 0.4832205719389629
跟丢了: 7
碰撞次数： 0 圆满完成次数： 0 丢失： 3 过近碰撞： 0 当前步长: 7 平均步长： 4.4000000020000005 平均奖励: 0.48063096753052914
跟丢了: 12
碰撞次数： 0 圆满完成次数： 0 丢失： 4 过近碰撞： 0 当前步长: 12 平均步长： 4.857142858571429 平均奖励: 0.4280411232012703
跟丢了: 17
碰撞次数： 0 圆满完成次数： 0 丢失： 5 过近碰撞： 0 当前步长: 17 平均步长： 5.666666667777778 平均奖励: 0.4738863373952999
跟丢了: 21
碰撞次数： 0 圆满完成次数： 0 丢失： 6 过近碰撞： 0 当前步长: 21 平均步长： 6.545454546363637 平均奖励: 0.4872989746968394
跟丢了: 11
碰撞次数： 0 圆满完成次数： 0 丢失： 7 过近碰撞： 0 当前步长: 11 平均步长： 6.384615385384616 平均奖励: 0.5023274205873292
跟丢了: 946
碰撞次数： 0 圆满完成次数： 0 丢失： 8 过近碰撞： 0 当前步长: 946 平均步长： 68.60000000066665 平均奖励: 0.7405763286029678
跟丢了: 489
碰撞次数： 0 圆满完成次数： 0 丢失： 9 过近碰撞： 0 当前步长: 489 平均步长： 89.29411764764706 平均奖励: 0.768060602326323
跟丢了: 7
碰撞次数： 0 圆满完成次数： 0 丢失： 10 过近碰撞： 0 当前步长: 7 平均步长： 80.26315789526315 平均奖励: 0.7667396361292896
跟丢了: 16
碰撞次数： 0 圆满完成次数： 0 丢失： 11 过近碰撞： 0 当前步长: 16 平均步长： 73.38095238142857 平均奖励: 0.7647878795704889
跟丢了: 8
碰撞次数： 0 圆满完成次数： 0 丢失： 12 过近碰撞： 0 当前步长: 8 平均步长： 67.3478260873913 平均奖励: 0.7630189544918501
跟丢了: 8
碰撞次数： 0 圆满完成次数： 0 丢失： 13 过近碰撞： 0 当前步长: 8 平均步长： 62.280000000399994 平均奖励: 0.7614973917955845
跟丢了: 10
碰撞次数： 0 圆满完成次数： 0 丢失： 14 过近碰撞： 0 当前步长: 10 平均步长： 58.0370370374074 平均奖励: 0.7597250898435255
跟丢了: 8
碰撞次数： 0 圆满完成次数： 0 丢失： 15 过近碰撞： 0 当前步长: 8 平均步长： 54.31034482793103 平均奖励: 0.758085265984652
跟丢了: 17
碰撞次数： 0 圆满完成次数： 0 丢失： 16 过近碰撞： 0 当前步长: 17 平均步长： 51.354838709999996 平均奖励: 0.7559949133918857
跟丢了: 8
碰撞次数： 0 圆满完成次数： 0 丢失： 17 过近碰撞： 0 当前步长: 8 平均步长： 48.48484848515151 平均奖励: 0.7543298568576136
跟丢了: 16
碰撞次数： 0 圆满完成次数： 0 丢失： 18 过近碰撞： 0 当前步长: 16 平均步长： 46.17142857171428 平均奖励: 0.7523400308727864
圆满完成了本episode:
碰撞次数： 0 圆满完成次数： 1 丢失： 18 过近碰撞： 0 当前步长: 2000 平均步长： 97.72972973 平均奖励: 0.7677276865649318
跟丢了: 9
碰撞次数： 0 圆满完成次数： 1 丢失： 19 过近碰撞： 0 当前步长: 9 平均步长： 92.94871794897436 平均奖励: 0.766899343507353
跟丢了: 9
碰撞次数： 0 圆满完成次数： 1 丢失： 20 过近碰撞： 0 当前步长: 9 平均步长： 88.63414634170732 平均奖励: 0.7663890580299163
跟丢了: 7
碰撞次数： 0 圆满完成次数： 1 丢失： 21 过近碰撞： 0 当前步长: 7 平均步长： 84.67441860488371 平均奖励: 0.7658259443090418
跟丢了: 8
碰撞次数： 0 圆满完成次数： 1 丢失： 22 过近碰撞： 0 当前步长: 8 平均步长： 81.0888888891111 平均奖励: 0.7651774085195197
跟丢了: 8
碰撞次数： 0 圆满完成次数： 1 丢失： 23 过近碰撞： 0 当前步长: 8 平均步长： 77.80851063851064 平均奖励: 0.7645064287645146
跟丢了: 10
碰撞次数： 0 圆满完成次数： 1 丢失： 24 过近碰撞： 0 当前步长: 10 平均步长： 74.83673469408163 平均奖励: 0.7639391499947062
跟丢了: 7
碰撞次数： 0 圆满完成次数： 1 丢失： 25 过近碰撞： 0 当前步长: 7 平均步长： 72.03921568647058 平均奖励: 0.7632565929658311
跟丢了: 7
碰撞次数： 0 圆满完成次数： 1 丢失： 26 过近碰撞： 0 当前步长: 7 平均步长： 69.45283018886792 平均奖励: 0.7627086756597389
跟丢了: 132
碰撞次数： 0 圆满完成次数： 1 丢失： 27 过近碰撞： 0 当前步长: 132 平均步长： 69.32727272745454 平均奖励: 0.7610678181007828
跟丢了: 7
碰撞次数： 0 圆满完成次数： 1 丢失： 28 过近碰撞： 0 当前步长: 7 平均步长： 67.01754385982456 平均奖励: 0.7605129186943107
跟丢了: 11
碰撞次数： 0 圆满完成次数： 1 丢失： 29 过近碰撞： 0 当前步长: 11 平均步长： 64.93220339 平均奖励: 0.7599778355598921
跟丢了: 7
碰撞次数： 0 圆满完成次数： 1 丢失： 30 过近碰撞： 0 当前步长: 7 平均步长： 62.91803278704918 平均奖励: 0.7593692633256534
跟丢了: 25
碰撞次数： 0 圆满完成次数： 1 丢失： 31 过近碰撞： 0 当前步长: 25 平均步长： 61.317460317619044 平均奖励: 0.7575505510294325
跟丢了: 9
碰撞次数： 0 圆满完成次数： 1 丢失： 32 过近碰撞： 0 当前步长: 9 平均步长： 59.56923076938461 平均奖励: 0.7568202238407262
圆满完成了本episode:
碰撞次数： 0 圆满完成次数： 2 丢失： 32 过近碰撞： 0 当前步长: 2000 平均步长： 87.64179104492537 平均奖励: 0.7808684364813422
跟丢了: 20
碰撞次数： 0 圆满完成次数： 2 丢失： 33 过近碰撞： 0 当前步长: 20 平均步长： 85.39130434797102 平均奖励: 0.7801212363776744
跟丢了: 8
碰撞次数： 0 圆满完成次数： 2 丢失： 34 过近碰撞： 0 当前步长: 8 平均步长： 83.09859154943662 平均奖励: 0.779626964520739
跟丢了: 372
碰撞次数： 0 圆满完成次数： 2 丢失： 35 过近碰撞： 0 当前步长: 372 平均步长： 85.91780821931506 平均奖励: 0.7720549984388161
跟丢了: 22
碰撞次数： 0 圆满完成次数： 2 丢失： 36 过近碰撞： 0 当前步长: 22 平均步长： 83.92000000013333 平均奖励: 0.7713709682974816
跟丢了: 10
碰撞次数： 0 圆满完成次数： 2 丢失： 37 过近碰撞： 0 当前步长: 10 平均步长： 81.87012987025975 平均奖励: 0.7710186877249521
跟丢了: 28
碰撞次数： 0 圆满完成次数： 2 丢失： 38 过近碰撞： 0 当前步长: 28 平均步长： 80.1518987343038 平均奖励: 0.7704546623405102
跟丢了: 24
碰撞次数： 0 圆满完成次数： 2 丢失： 39 过近碰撞： 0 当前步长: 24 平均步长： 78.46913580259259 平均奖励: 0.7698121990267505
跟丢了: 8
碰撞次数： 0 圆满完成次数： 2 丢失： 40 过近碰撞： 0 当前步长: 8 平均步长： 76.6746987953012 平均奖励: 0.7693638096154615
跟丢了: 33
碰撞次数： 0 圆满完成次数： 2 丢失： 41 过近碰撞： 0 当前步长: 33 平均步长： 75.25882352952941 平均奖励: 0.7681655419430203
跟丢了: 11
碰撞次数： 0 圆满完成次数： 2 丢失： 42 过近碰撞： 0 当前步长: 11 平均步长： 73.65517241390805 平均奖励: 0.7675550809776281
跟丢了: 7
碰撞次数： 0 圆满完成次数： 2 丢失： 43 过近碰撞： 0 当前步长: 7 平均步长： 72.07865168550562 平均奖励: 0.7671823414545912
跟丢了: 9
碰撞次数： 0 圆满完成次数： 2 丢失： 44 过近碰撞： 0 当前步长: 9 平均步长： 70.59340659351648 平均奖励: 0.7666754593043466
跟丢了: 561
碰撞次数： 0 圆满完成次数： 2 丢失： 45 过近碰撞： 0 当前步长: 561 平均步长： 75.10752688182795 平均奖励: 0.7610605819931944
跟丢了: 7
碰撞次数： 0 圆满完成次数： 2 丢失： 46 过近碰撞： 0 当前步长: 7 平均步长： 73.60000000010527 平均奖励: 0.7607758429538132
跟丢了: 7
跟丢了: 12
碰撞次数： 0 圆满完成次数： 0 丢失： 1 过近碰撞： 0 当前步长: 12 平均步长： 12.00000001 平均奖励: 0.5842677696176299
跟丢了: 12
碰撞次数： 0 圆满完成次数： 0 丢失： 2 过近碰撞： 0 当前步长: 12 平均步长： 8.000000003333334 平均奖励: 0.5292352788154192
跟丢了: 7
碰撞次数： 0 圆满完成次数： 0 丢失： 3 过近碰撞： 0 当前步长: 7 平均步长： 6.200000002 平均奖励: 0.5053643835607551
跟丢了: 17
碰撞次数： 0 圆满完成次数： 0 丢失： 4 过近碰撞： 0 当前步长: 17 平均步长： 6.857142858571429 平均奖励: 0.487339823598433
跟丢了: 11
碰撞次数： 0 圆满完成次数： 0 丢失： 5 过近碰撞： 0 当前步长: 11 平均步长： 6.555555556666667 平均奖励: 0.502692046915075
跟丢了: 8
碰撞次数： 0 圆满完成次数： 0 丢失： 6 过近碰撞： 0 当前步长: 8 平均步长： 6.090909091818182 平均奖励: 0.4968073307152957
跟丢了: 7
碰撞次数： 0 圆满完成次数： 0 丢失： 7 过近碰撞： 0 当前步长: 7 平均步长： 5.692307693076923 平均奖励: 0.4953053390614048
跟丢了: 8
碰撞次数： 0 圆满完成次数： 0 丢失： 8 过近碰撞： 0 当前步长: 8 平均步长： 5.4666666673333335 平均奖励: 0.4914060281539807
跟丢了: 591
碰撞次数： 0 圆满完成次数： 0 丢失： 9 过近碰撞： 0 当前步长: 591 平均步长： 39.58823529470588 平均奖励: 0.7918137933912959
跟丢了: 9
碰撞次数： 0 圆满完成次数： 0 丢失： 10 过近碰撞： 0 当前步长: 9 平均步长： 35.89473684263158 平均奖励: 0.7881571393036015
跟丢了: 8
碰撞次数： 0 圆满完成次数： 0 丢失： 11 过近碰撞： 0 当前步长: 8 平均步长： 32.857142857619046 平均奖励: 0.7840202406418134
跟丢了: 7
碰撞次数： 0 圆满完成次数： 0 丢失： 12 过近碰撞： 0 当前步长: 7 平均步长： 30.304347826521738 平均奖励: 0.7809271965947251
跟丢了: 7
碰撞次数： 0 圆满完成次数： 0 丢失： 13 过近碰撞： 0 当前步长: 7 平均步长： 28.1600000004 平均奖励: 0.7778207366167508
跟丢了: 8
碰撞次数： 0 圆满完成次数： 0 丢失： 14 过近碰撞： 0 当前步长: 8 平均步长： 26.37037037074074 平均奖励: 0.774256824450865
跟丢了: 10
碰撞次数： 0 圆满完成次数： 0 丢失： 15 过近碰撞： 0 当前步长: 10 平均步长： 24.89655172448276 平均奖励: 0.7712023436026524
跟丢了: 9
碰撞次数： 0 圆满完成次数： 0 丢失： 16 过近碰撞： 0 当前步长: 9 平均步长： 23.580645161612903 平均奖励: 0.7680439790461331
跟丢了: 1444
碰撞次数： 0 圆满完成次数： 0 丢失： 17 过近碰撞： 0 当前步长: 1444 平均步长： 65.90909090939394 平均奖励: 0.7403846858627768
跟丢了: 28
碰撞次数： 0 圆满完成次数： 0 丢失： 18 过近碰撞： 0 当前步长: 28 平均步长： 62.94285714314285 平均奖励: 0.7376837350533952
跟丢了: 29
碰撞次数： 0 圆满完成次数： 0 丢失： 19 过近碰撞： 0 当前步长: 29 平均步长： 60.32432432459459 平均奖励: 0.7351324617773125
跟丢了: 27
碰撞次数： 0 圆满完成次数： 0 丢失： 20 过近碰撞： 0 当前步长: 27 平均步长： 57.92307692333333 平均奖励: 0.7327619255277023
跟丢了: 8
碰撞次数： 0 圆满完成次数： 0 丢失： 21 过近碰撞： 0 当前步长: 8 平均步长： 55.292682927073166 平均奖励: 0.7316429765200296
跟丢了: 16
碰撞次数： 0 圆满完成次数： 0 丢失： 22 过近碰撞： 0 当前步长: 16 平均步长： 53.09302325604651 平均奖励: 0.7306433096753006
跟丢了: 8
碰撞次数： 0 圆满完成次数： 0 丢失： 23 过近碰撞： 0 当前步长: 8 平均步长： 50.911111111333334 平均奖励: 0.7297280591321877
跟丢了: 8
碰撞次数： 0 圆满完成次数： 0 丢失： 24 过近碰撞： 0 当前步长: 8 平均步长： 48.91489361723404 平均奖励: 0.728618100801175
跟丢了: 8
碰撞次数： 0 圆满完成次数： 0 丢失： 25 过近碰撞： 0 当前步长: 8 平均步长： 47.0816326532653 平均奖励: 0.7277083268686686
跟丢了: 19
碰撞次数： 0 圆满完成次数： 0 丢失： 26 过近碰撞： 0 当前步长: 19 平均步长： 45.60784313745098 平均奖励: 0.7266722221367946
跟丢了: 1666
碰撞次数： 0 圆满完成次数： 0 丢失： 27 过近碰撞： 0 当前步长: 1666 平均步长： 75.3207547171698 平均奖励: 0.7602611960519879
跟丢了: 8
碰撞次数： 0 圆满完成次数： 0 丢失： 28 过近碰撞： 0 当前步长: 8 平均步长： 72.72727272745455 平均奖励: 0.7596196283893425
跟丢了: 8
碰撞次数： 0 圆满完成次数： 0 丢失： 29 过近碰撞： 0 当前步长: 8 平均步长： 70.31578947385965 平均奖励: 0.7589588984447179
跟丢了: 9
碰撞次数： 0 圆满完成次数： 0 丢失： 30 过近碰撞： 0 当前步长: 9 平均步长： 68.08474576288135 平均奖励: 0.7581622377803553
跟丢了: 8
碰撞次数： 0 圆满完成次数： 0 丢失： 31 过近碰撞： 0 当前步长: 8 平均步长： 65.98360655754098 平均奖励: 0.757601562853331
跟丢了: 8
碰撞次数： 0 圆满完成次数： 0 丢失： 32 过近碰撞： 0 当前步长: 8 平均步长： 64.01587301603175 平均奖励: 0.7570968289711885
跟丢了: 7
碰撞次数： 0 圆满完成次数： 0 丢失： 33 过近碰撞： 0 当前步长: 7 平均步长： 62.153846154 平均奖励: 0.756592961432715
跟丢了: 8
碰撞次数： 0 圆满完成次数： 0 丢失： 34 过近碰撞： 0 当前步长: 8 平均步长： 60.417910447910444 平均奖励: 0.7559346880558014
跟丢了: 8
碰撞次数： 0 圆满完成次数： 0 丢失： 35 过近碰撞： 0 当前步长: 8 平均步长： 58.7826086957971 平均奖励: 0.7552711194800182
跟丢了: 23
碰撞次数： 0 圆满完成次数： 0 丢失： 36 过近碰撞： 0 当前步长: 23 平均步长： 57.450704225492956 平均奖励: 0.7533722234848208
跟丢了: 10
碰撞次数： 0 圆满完成次数： 0 丢失： 37 过近碰撞： 0 当前步长: 10 平均步长： 56.01369863027397 平均奖励: 0.7527701093973955
跟丢了: 8
碰撞次数： 0 圆满完成次数： 0 丢失： 38 过近碰撞： 0 当前步长: 8 平均步长： 54.6266666668 平均奖励: 0.7521074238653302
跟丢了: 8
碰撞次数： 0 圆满完成次数： 0 丢失： 39 过近碰撞： 0 当前步长: 8 平均步长： 53.31168831181818 平均奖励: 0.7514883459350078
跟丢了: 9
碰撞次数： 0 圆满完成次数： 0 丢失： 40 过近碰撞： 0 当前步长: 9 平均步长： 52.07594936721519 平均奖励: 0.7509970317975185
跟丢了: 8
碰撞次数： 0 圆满完成次数： 0 丢失： 41 过近碰撞： 0 当前步长: 8 平均步长： 50.88888888901234 平均奖励: 0.7503571240162709
跟丢了: 8
碰撞次数： 0 圆满完成次数： 0 丢失： 42 过近碰撞： 0 当前步长: 8 平均步长： 49.7590361446988 平均奖励: 0.749738042796795
跟丢了: 8
碰撞次数： 0 圆满完成次数： 0 丢失： 43 过近碰撞： 0 当前步长: 8 平均步长： 48.68235294129412 平均奖励: 0.7491043043995042
跟丢了: 8
碰撞次数： 0 圆满完成次数： 0 丢失： 44 过近碰撞： 0 当前步长: 8 平均步长： 47.65517241390805 平均奖励: 0.7485319606890941
跟丢了: 717
碰撞次数： 0 圆满完成次数： 0 丢失： 45 过近碰撞： 0 当前步长: 717 平均步长： 54.640449438314604 平均奖励: 0.7461609506393033
跟丢了: 18
碰撞次数： 0 圆满完成次数： 0 丢失： 46 过近碰撞： 0 当前步长: 18 平均步长： 53.63736263747253 平均奖励: 0.7445243141049321
跟丢了: 7
碰撞次数： 0 圆满完成次数： 0 丢失： 47 过近碰撞： 0 当前步长: 7 平均步长： 52.55913978505376 平均奖励: 0.7440768163575695
跟丢了: 7
碰撞次数： 0 圆满完成次数： 0 丢失： 48 过近碰撞： 0 当前步长: 7 平均步长： 51.526315789578945 平均奖励: 0.7436959052355487
跟丢了: 7
碰撞次数： 0 圆满完成次数： 0 丢失： 49 跟丢了: 10
碰撞次数： 0 圆满完成次数： 0 丢失： 1 过近碰撞： 0 当前步长: 10 平均步长： 10.00000001 平均奖励: 0.48020552591391985
跟丢了: 10
碰撞次数： 0 圆满完成次数： 0 丢失： 2 过近碰撞： 0 当前步长: 10 平均步长： 6.666666670000001 平均奖励: 0.5055443722260551
跟丢了: 8
碰撞次数： 0 圆满完成次数： 0 丢失： 3 过近碰撞： 0 当前步长: 8 平均步长： 5.600000002 平均奖励: 0.48042757913731476
跟丢了: 8
碰撞次数： 0 圆满完成次数： 0 丢失： 4 过近碰撞： 0 当前步长: 8 平均步长： 5.142857144285714 平均奖励: 0.48253375991891123
跟丢了: 11
碰撞次数： 0 圆满完成次数： 0 丢失： 5 过近碰撞： 0 当前步长: 11 平均步长： 5.2222222233333335 平均奖励: 0.4875192334132939
跟丢了: 9
碰撞次数： 0 圆满完成次数： 0 丢失： 6 过近碰撞： 0 当前步长: 9 平均步长： 5.090909091818182 平均奖励: 0.48665023999835605
跟丢了: 8
碰撞次数： 0 圆满完成次数： 0 丢失： 7 过近碰撞： 0 当前步长: 8 平均步长： 4.923076923846154 平均奖励: 0.48851800469705725
跟丢了: 35
碰撞次数： 0 圆满完成次数： 0 丢失： 8 过近碰撞： 0 当前步长: 35 平均步长： 6.600000000666667 平均奖励: 0.4234496903917785
跟丢了: 7
碰撞次数： 0 圆满完成次数： 0 丢失： 9 过近碰撞： 0 当前步长: 7 平均步长： 6.235294118235295 平均奖励: 0.4257701022868421
跟丢了: 10
碰撞次数： 0 圆满完成次数： 0 丢失： 10 过近碰撞： 0 当前步长: 10 平均步长： 6.105263158421053 平均奖励: 0.4418191301278187
跟丢了: 104
碰撞次数： 0 圆满完成次数： 0 丢失： 11 过近碰撞： 0 当前步长: 104 平均步长： 10.476190476666668 平均奖励: 0.5750127105749322
跟丢了: 9
碰撞次数： 0 圆满完成次数： 0 丢失： 12 过近碰撞： 0 当前步长: 9 平均步长： 9.956521739565218 平均奖励: 0.5702969930206527
跟丢了: 10
碰撞次数： 0 圆满完成次数： 0 丢失： 13 过近碰撞： 0 当前步长: 10 平均步长： 9.5600000004 平均奖励: 0.5702400836921646
跟丢了: 318
碰撞次数： 0 圆满完成次数： 0 丢失： 14 过近碰撞： 0 当前步长: 318 平均步长： 20.62962963 平均奖励: 0.6596063745602795
跟丢了: 4
碰撞次数： 0 圆满完成次数： 0 丢失： 15 过近碰撞： 0 当前步长: 4 平均步长： 19.344827586551723 平均奖励: 0.6528801416854864
跟丢了: 7
碰撞次数： 0 圆满完成次数： 0 丢失： 16 过近碰撞： 0 当前步长: 7 平均步长： 18.32258064548387 平均奖励: 0.6504915859360588
跟丢了: 8
碰撞次数： 0 圆满完成次数： 0 丢失： 17 过近碰撞： 0 当前步长: 8 平均步长： 17.454545454848486 平均奖励: 0.6476583520989437
跟丢了: 8
碰撞次数： 0 圆满完成次数： 0 丢失： 18 过近碰撞： 0 当前步长: 8 平均步长： 16.685714286 平均奖励: 0.6449086401192606
跟丢了: 340
碰撞次数： 0 圆满完成次数： 0 丢失： 19 过近碰撞： 0 当前步长: 340 平均步长： 24.972972973243245 平均奖励: 0.64024777951101
跟丢了: 18
碰撞次数： 0 圆满完成次数： 0 丢失： 20 过近碰撞： 0 当前步长: 18 平均步长： 24.153846154102563 平均奖励: 0.6333992106914738
跟丢了: 292
碰撞次数： 0 圆满完成次数： 0 丢失： 21 过近碰撞： 0 当前步长: 292 平均步长： 30.097560975853657 平均奖励: 0.6408371276803987
跟丢了: 9
碰撞次数： 0 圆满完成次数： 0 丢失： 22 过近碰撞： 0 当前步长: 9 平均步长： 28.906976744418603 平均奖励: 0.6396943467812265
跟丢了: 22
碰撞次数： 0 圆满完成次数： 0 丢失： 23 过近碰撞： 0 当前步长: 22 平均步长： 28.11111111133333 平均奖励: 0.6367022110334771
跟丢了: 7
碰撞次数： 0 圆满完成次数： 0 丢失： 24 过近碰撞： 0 当前步长: 7 平均步长： 27.063829787446807 平均奖励: 0.6359144384411104
跟丢了: 555
碰撞次数： 0 圆满完成次数： 0 丢失： 25 过近碰撞： 0 当前步长: 555 平均步长： 37.28571428591837 平均奖励: 0.6927436884044712
跟丢了: 11
碰撞次数： 0 圆满完成次数： 0 丢失： 26 过近碰撞： 0 当前步长: 11 平均步长： 36.039215686470584 平均奖励: 0.6914452788712051
跟丢了: 11
碰撞次数： 0 圆满完成次数： 0 丢失： 27 过近碰撞： 0 当前步长: 11 平均步长： 34.88679245301886 平均奖励: 0.6908880918279284
跟丢了: 12
碰撞次数： 0 圆满完成次数： 0 丢失： 28 过近碰撞： 0 当前步长: 12 平均步长： 33.83636363654545 平均奖励: 0.689559434425449
跟丢了: 700
碰撞次数： 0 圆满完成次数： 0 丢失： 29 过近碰撞： 0 当前步长: 700 平均步长： 44.92982456157895 平均奖励: 0.6967134220493357
跟丢了: 7
碰撞次数： 0 圆满完成次数： 0 丢失： 30 过近碰撞： 0 当前步长: 7 平均步长： 43.52542372898305 平均奖励: 0.6960293686710365
跟丢了: 7
碰撞次数： 0 圆满完成次数： 0 丢失： 31 过近碰撞： 0 当前步长: 7 平均步长： 42.21311475426229 平均奖励: 0.6953935548717437
跟丢了: 7
碰撞次数： 0 圆满完成次数： 0 丢失： 32 过近碰撞： 0 当前步长: 7 平均步长： 40.984126984285716 平均奖励: 0.6948080138816095
跟丢了: 377
碰撞次数： 0 圆满完成次数： 0 丢失： 33 过近碰撞： 0 当前步长: 377 平均步长： 45.52307692323077 平均奖励: 0.6953742063380821
跟丢了: 11
碰撞次数： 0 圆满完成次数： 0 丢失： 34 过近碰撞： 0 当前步长: 11 平均步长： 44.32835820910448 平均奖励: 0.6943507786645503
跟丢了: 8
碰撞次数： 0 圆满完成次数： 0 丢失： 35 过近碰撞： 0 当前步长: 8 平均步长： 43.15942029 平均奖励: 0.6935965185659019
跟丢了: 401
碰撞次数： 0 圆满完成次数： 0 丢失： 36 过近碰撞： 0 当前步长: 401 平均步长： 47.59154929591549 平均奖励: 0.6944280057689926
跟丢了: 9
碰撞次数： 0 圆满完成次数： 0 丢失： 37 过近碰撞： 0 当前步长: 9 平均步长： 46.41095890424658 平均奖励: 0.6937820995397315
跟丢了: 9
碰撞次数： 0 圆满完成次数： 0 丢失： 38 过近碰撞： 0 当前步长: 9 平均步长： 45.29333333346666 平均奖励: 0.6929935291005502
跟丢了: 9
碰撞次数： 0 圆满完成次数： 0 丢失： 39 过近碰撞： 0 当前步长: 9 平均步长： 44.233766233896105 平均奖励: 0.692298227116173
跟丢了: 320
碰撞次数： 0 圆满完成次数： 0 丢失： 40 过近碰撞： 0 当前步长: 320 平均步长： 47.1645569621519 平均奖励: 0.7010837655231285
跟丢了: 8
碰撞次数： 0 圆满完成次数： 0 丢失： 41 过近碰撞： 0 当前步长: 8 平均步长： 46.09876543222222 平均奖励: 0.7007181391337147
跟丢了: 2
碰撞次数： 0 圆满完成次数： 0 丢失： 42 过近碰撞： 0 当前步长: 2 平均步长： 45.01204819289156 平均奖励: 0.7000863932439317
跟丢了: 22
碰撞次数： 0 圆满完成次数： 0 丢失： 43 过近碰撞： 0 当前步长: 22 平均步长： 44.211764706 平均奖励: 0.6989857366512918
跟丢了: 9
碰撞次数： 0 圆满完成次数： 0 丢失： 44 过近碰撞： 0 当前步长: 9 平均步长： 43.29885057482758 平均奖励: 0.698753017968814
跟丢了: 11
碰撞次数： 0 圆满完成次数： 0 丢失： 45 过近碰撞： 0 当前步长: 11 平均步长： 42.44943820235955 平均奖励: 0.6983823153537126
跟丢了: 8
碰撞次数： 0 圆满完成次数： 0 丢失： 46 过近碰撞： 0 当前步长: 8 平均步长： 41.60439560450549 平均奖励: 0.6979305522579261
跟丢了: 8
碰撞次数： 0 圆满完成次数： 0 丢失： 47 过近碰撞： 0 当前步长: 8 平均步长： 40.79569892483871 平均奖励: 0.6973573751030477
跟丢了: 8
碰撞次数： 0 圆满完成次数： 0 丢失： 48 过近碰撞： 0 当前步长: 8 平均步长： 40.021052631684206 平均奖励: 0.6968793391205103
跟丢了: 8
碰撞次数： 0 圆满完成次数：跟丢了: 29
碰撞次数： 0 圆满完成次数： 0 丢失： 1 过近碰撞： 0 当前步长: 29 平均步长： 29.00000001 平均奖励: 0.5760468550301898
跟丢了: 7
碰撞次数： 0 圆满完成次数： 0 丢失： 2 过近碰撞： 0 当前步长: 7 平均步长： 12.000000003333334 平均奖励: 0.55452264562228
跟丢了: 9
碰撞次数： 0 圆满完成次数： 0 丢失： 3 过近碰撞： 0 当前步长: 9 平均步长： 9.000000002 平均奖励: 0.5396853165578942
跟丢了: 11
碰撞次数： 0 圆满完成次数： 0 丢失： 4 过近碰撞： 0 当前步长: 11 平均步长： 8.000000001428571 平均奖励: 0.536769474686961
跟丢了: 24
碰撞次数： 0 圆满完成次数： 0 丢失： 5 过近碰撞： 0 当前步长: 24 平均步长： 8.88888889 平均奖励: 0.5260368264890486
跟丢了: 7
碰撞次数： 0 圆满完成次数： 0 丢失： 6 过近碰撞： 0 当前步长: 7 平均步长： 7.909090910000001 平均奖励: 0.5183645358274288
跟丢了: 8
碰撞次数： 0 圆满完成次数： 0 丢失： 7 过近碰撞： 0 当前步长: 8 平均步长： 7.307692308461539 平均奖励: 0.5134678095209092
跟丢了: 8
碰撞次数： 0 圆满完成次数： 0 丢失： 8 过近碰撞： 0 当前步长: 8 平均步长： 6.866666667333334 平均奖励: 0.5084539758059
跟丢了: 22
碰撞次数： 0 圆满完成次数： 0 丢失： 9 过近碰撞： 0 当前步长: 22 平均步长： 7.352941177058824 平均奖励: 0.45673903812881267
跟丢了: 23
碰撞次数： 0 圆满完成次数： 0 丢失： 10 过近碰撞： 0 当前步长: 23 平均步长： 7.789473684736842 平均奖励: 0.4876532524865099
跟丢了: 9
碰撞次数： 0 圆满完成次数： 0 丢失： 11 过近碰撞： 0 当前步长: 9 平均步长： 7.476190476666667 平均奖励: 0.49055780918766423
跟丢了: 8
碰撞次数： 0 圆满完成次数： 0 丢失： 12 过近碰撞： 0 当前步长: 8 平均步长： 7.173913043913044 平均奖励: 0.48971204755180503
跟丢了: 28
碰撞次数： 0 圆满完成次数： 0 丢失： 13 过近碰撞： 0 当前步长: 28 平均步长： 7.720000000400001 平均奖励: 0.4848055790636566
跟丢了: 15
碰撞次数： 0 圆满完成次数： 0 丢失： 14 过近碰撞： 0 当前步长: 15 平均步长： 7.703703704074075 平均奖励: 0.4821737892095364
跟丢了: 8
碰撞次数： 0 圆满完成次数： 0 丢失： 15 过近碰撞： 0 当前步长: 8 平均步长： 7.4482758624137935 平均奖励: 0.4790568068035041
跟丢了: 7
碰撞次数： 0 圆满完成次数： 0 丢失： 16 过近碰撞： 0 当前步长: 7 平均步长： 7.193548387419355 平均奖励: 0.47728169622464317
跟丢了: 9
碰撞次数： 0 圆满完成次数： 0 丢失： 17 过近碰撞： 0 当前步长: 9 平均步长： 7.030303030606061 平均奖励: 0.4745550569191679
跟丢了: 7
碰撞次数： 0 圆满完成次数： 0 丢失： 18 过近碰撞： 0 当前步长: 7 平均步长： 6.828571428857143 平均奖励: 0.4747142074770744
跟丢了: 7
碰撞次数： 0 圆满完成次数： 0 丢失： 19 过近碰撞： 0 当前步长: 7 平均步长： 6.648648648918919 平均奖励: 0.4746911885676646
跟丢了: 19
碰撞次数： 0 圆满完成次数： 0 丢失： 20 过近碰撞： 0 当前步长: 19 平均步长： 6.794871795128206 平均奖励: 0.4724486939242835
跟丢了: 211
碰撞次数： 0 圆满完成次数： 0 丢失： 21 过近碰撞： 0 当前步长: 211 平均步长： 11.609756097804878 平均奖励: 0.6182813479672318
跟丢了: 8
碰撞次数： 0 圆满完成次数： 0 丢失： 22 过近碰撞： 0 当前步长: 8 平均步长： 11.25581395372093 平均奖励: 0.6153371890557635
跟丢了: 8
碰撞次数： 0 圆满完成次数： 0 丢失： 23 过近碰撞： 0 当前步长: 8 平均步长： 10.933333333555556 平均奖励: 0.6125897500373456
跟丢了: 7
碰撞次数： 0 圆满完成次数： 0 丢失： 24 过近碰撞： 0 当前步长: 7 平均步长： 10.617021276808511 平均奖励: 0.6106873328878669
跟丢了: 10
碰撞次数： 0 圆满完成次数： 0 丢失： 25 过近碰撞： 0 当前步长: 10 平均步长： 10.387755102244897 平均奖励: 0.6079327410202497
跟丢了: 79
碰撞次数： 0 圆满完成次数： 0 丢失： 26 过近碰撞： 0 当前步长: 79 平均步长： 11.52941176490196 平均奖励: 0.6304359101353677
跟丢了: 8
碰撞次数： 0 圆满完成次数： 0 丢失： 27 过近碰撞： 0 当前步长: 8 平均步长： 11.245283019056604 平均奖励: 0.6275533295484917
跟丢了: 8
碰撞次数： 0 圆满完成次数： 0 丢失： 28 过近碰撞： 0 当前步长: 8 平均步长： 10.981818182 平均奖励: 0.6247774032050464
跟丢了: 7
碰撞次数： 0 圆满完成次数： 0 丢失： 29 过近碰撞： 0 当前步长: 7 平均步长： 10.719298245789474 平均奖励: 0.6230960897564057
跟丢了: 629
碰撞次数： 0 圆满完成次数： 0 丢失： 30 过近碰撞： 0 当前步长: 629 平均步长： 21.016949152711863 平均奖励: 0.7201549555813063
跟丢了: 9
碰撞次数： 0 圆满完成次数： 0 丢失： 31 过近碰撞： 0 当前步长: 9 平均步长： 20.475409836229506 平均奖励: 0.717895495689961
跟丢了: 12
碰撞次数： 0 圆满完成次数： 0 丢失： 32 过近碰撞： 0 当前步长: 12 平均步长： 20.015873016031744 平均奖励: 0.7147614285551604
跟丢了: 7
碰撞次数： 0 圆满完成次数： 0 丢失： 33 过近碰撞： 0 当前步长: 7 平均步长： 19.507692307846153 平均奖励: 0.7132512972672035
跟丢了: 7
碰撞次数： 0 圆满完成次数： 0 丢失： 34 过近碰撞： 0 当前步长: 7 平均步长： 19.02985074641791 平均奖励: 0.7119478747439488
跟丢了: 17
碰撞次数： 0 圆满完成次数： 0 丢失： 35 过近碰撞： 0 当前步长: 17 平均步长： 18.724637681304348 平均奖励: 0.706716205734402
跟丢了: 30
碰撞次数： 0 圆满完成次数： 0 丢失： 36 过近碰撞： 0 当前步长: 30 平均步长： 18.61971831 平均奖励: 0.7014298655686543
跟丢了: 11
碰撞次数： 0 圆满完成次数： 0 丢失： 37 过近碰撞： 0 当前步长: 11 平均步长： 18.260273972739725 平均奖励: 0.7002515109707586
跟丢了: 7
碰撞次数： 0 圆满完成次数： 0 丢失： 38 过近碰撞： 0 当前步长: 7 平均步长： 17.866666666799997 平均奖励: 0.6988384026165958
跟丢了: 9
碰撞次数： 0 圆满完成次数： 0 丢失： 39 过近碰撞： 0 当前步长: 9 平均步长： 17.51948051961039 平均奖励: 0.6973308274548559
跟丢了: 10
碰撞次数： 0 圆满完成次数： 0 丢失： 40 过近碰撞： 0 当前步长: 10 平均步长： 17.2025316456962 平均奖励: 0.696273087194314
跟丢了: 9
碰撞次数： 0 圆满完成次数： 0 丢失： 41 过近碰撞： 0 当前步长: 9 平均步长： 16.888888889012346 平均奖励: 0.69506544452539
跟丢了: 8
碰撞次数： 0 圆满完成次数： 0 丢失： 42 过近碰撞： 0 当前步长: 8 平均步长： 16.578313253132528 平均奖励: 0.6935837140488997
跟丢了: 11
碰撞次数： 0 圆满完成次数： 0 丢失： 43 过近碰撞： 0 当前步长: 11 平均步长： 16.317647058941176 平均奖励: 0.692547297273434
跟丢了: 10
碰撞次数： 0 圆满完成次数： 0 丢失： 44 过近碰撞： 0 当前步长: 10 平均步长： 16.057471264482757 平均奖励: 0.6918251109125015
跟丢了: 156
碰撞次数： 0 圆满完成次数： 0 丢失： 45 过近碰撞： 0 当前步长: 156 平均步长： 17.44943820235955 平均奖励: 0.7008073565673919
跟丢了: 8
碰撞次数： 0 圆满完成次数： 0 丢失： 46 过近碰撞： 0 当前步长: 8 平均步长： 17.153846153956042 平均奖励: 0.6995355596848626
跟丢了: 190
碰撞次数： 0 圆满完成次数： 0 丢失： 47 过近碰撞： 0 当前步长: 190 平均步长： 18.82795698935484 平均奖励: 0.7012682673452834
跟丢了: 9
碰撞次数： 0 圆满完成次数： 0 丢失： 48 过近碰撞： 0 当前步长: 9 平均步长： 18.526315789578945 平均奖励: 0.6999807923126444
跟丢了: 8
碰撞次数： 0 圆满完成次数： 0 跟丢了: 10
碰撞次数： 0 圆满完成次数： 0 丢失： 1 过近碰撞： 0 当前步长: 10 平均步长： 10.00000001 平均奖励: 0.4107421561640647
跟丢了: 23
碰撞次数： 0 圆满完成次数： 0 丢失： 2 过近碰撞： 0 当前步长: 23 平均步长： 11.000000003333334 平均奖励: 0.5435430083665125
跟丢了: 24
碰撞次数： 0 圆满完成次数： 0 丢失： 3 过近碰撞： 0 当前步长: 24 平均步长： 11.400000002 平均奖励: 0.5648588478445296
跟丢了: 7
碰撞次数： 0 圆满完成次数： 0 丢失： 4 过近碰撞： 0 当前步长: 7 平均步长： 9.142857144285715 平均奖励: 0.5536489701947584
跟丢了: 7
碰撞次数： 0 圆满完成次数： 0 丢失： 5 过近碰撞： 0 当前步长: 7 平均步长： 7.8888888900000005 平均奖励: 0.5472186892747352
跟丢了: 10
碰撞次数： 0 圆满完成次数： 0 丢失： 6 过近碰撞： 0 当前步长: 10 平均步长： 7.363636364545456 平均奖励: 0.5307998179797613
跟丢了: 7
碰撞次数： 0 圆满完成次数： 0 丢失： 7 过近碰撞： 0 当前步长: 7 平均步长： 6.769230770000001 平均奖励: 0.5224490615450952
跟丢了: 7
碰撞次数： 0 圆满完成次数： 0 丢失： 8 过近碰撞： 0 当前步长: 7 平均步长： 6.333333334000001 平均奖励: 0.5194707582323803
跟丢了: 12
碰撞次数： 0 圆满完成次数： 0 丢失： 9 过近碰撞： 0 当前步长: 12 平均步长： 6.2941176476470595 平均奖励: 0.5041696558500233
跟丢了: 751
碰撞次数： 0 圆满完成次数： 0 丢失： 10 过近碰撞： 0 当前步长: 751 平均步长： 45.15789473736842 平均奖励: 0.8123145036071729
跟丢了: 7
碰撞次数： 0 圆满完成次数： 0 丢失： 11 过近碰撞： 0 当前步长: 7 平均步长： 41.19047619095238 平均奖励: 0.809657776991658
跟丢了: 16
碰撞次数： 0 圆满完成次数： 0 丢失： 12 过近碰撞： 0 当前步长: 16 平均步长： 38.30434782652174 平均奖励: 0.8046569426629928
跟丢了: 11
碰撞次数： 0 圆满完成次数： 0 丢失： 13 过近碰撞： 0 当前步长: 11 平均步长： 35.6800000004 平均奖励: 0.8011321701323272
跟丢了: 8
碰撞次数： 0 圆满完成次数： 0 丢失： 14 过近碰撞： 0 当前步长: 8 平均步长： 33.333333333703706 平均奖励: 0.7980849580462555
跟丢了: 95
碰撞次数： 0 圆满完成次数： 0 丢失： 15 过近碰撞： 0 当前步长: 95 平均步长： 34.31034482793103 平均奖励: 0.7848554673554761
跟丢了: 7
碰撞次数： 0 圆满完成次数： 0 丢失： 16 过近碰撞： 0 当前步长: 7 平均步长： 32.322580645483875 平均奖励: 0.7827420989378012
跟丢了: 28
碰撞次数： 0 圆满完成次数： 0 丢失： 17 过近碰撞： 0 当前步长: 28 平均步长： 31.21212121242424 平均奖励: 0.7736580361377694
跟丢了: 15
碰撞次数： 0 圆满完成次数： 0 丢失： 18 过近碰撞： 0 当前步长: 15 平均步长： 29.857142857428567 平均奖励: 0.7714433412871321
跟丢了: 14
碰撞次数： 0 圆满完成次数： 0 丢失： 19 过近碰撞： 0 当前步长: 14 平均步长： 28.62162162189189 平均奖励: 0.7675305499998223
跟丢了: 22
碰撞次数： 0 圆满完成次数： 0 丢失： 20 过近碰撞： 0 当前步长: 22 平均步长： 27.717948718205125 平均奖励: 0.7555760550177172
跟丢了: 12
碰撞次数： 0 圆满完成次数： 0 丢失： 21 过近碰撞： 0 当前步长: 12 平均步长： 26.658536585609752 平均奖励: 0.7520509244813829
跟丢了: 7
碰撞次数： 0 圆满完成次数： 0 丢失： 22 过近碰撞： 0 当前步长: 7 平均步长： 25.581395349069766 平均奖励: 0.74999957374129
跟丢了: 10
碰撞次数： 0 圆满完成次数： 0 丢失： 23 过近碰撞： 0 当前步长: 10 平均步长： 24.666666666888887 平均奖励: 0.7480692796393019
跟丢了: 442
碰撞次数： 0 圆满完成次数： 0 丢失： 24 过近碰撞： 0 当前步长: 442 平均步长： 33.021276595957445 平均奖励: 0.780471651282467
跟丢了: 9
碰撞次数： 0 圆满完成次数： 0 丢失： 25 过近碰撞： 0 当前步长: 9 平均步长： 31.857142857346936 平均奖励: 0.7783658679689857
跟丢了: 9
碰撞次数： 0 圆满完成次数： 0 丢失： 26 过近碰撞： 0 当前步长: 9 平均步长： 30.78431372568627 平均奖励: 0.7763727479245202
跟丢了: 10
碰撞次数： 0 圆满完成次数： 0 丢失： 27 过近碰撞： 0 当前步长: 10 平均步长： 29.81132075490566 平均奖励: 0.7747759078754558
跟丢了: 1809
碰撞次数： 0 圆满完成次数： 0 丢失： 28 过近碰撞： 0 当前步长: 1809 平均步长： 61.61818181836363 平均奖励: 0.8062901631986729
跟丢了: 27
碰撞次数： 0 圆满完成次数： 0 丢失： 29 过近碰撞： 0 当前步长: 27 平均步长： 59.92982456157895 平均奖励: 0.802828740260273
跟丢了: 782
碰撞次数： 0 圆满完成次数： 0 丢失： 30 过近碰撞： 0 当前步长: 782 平均步长： 71.15254237305085 平均奖励: 0.8042651509903106
跟丢了: 9
碰撞次数： 0 圆满完成次数： 0 丢失： 31 过近碰撞： 0 当前步长: 9 平均步长： 68.96721311491802 平均奖励: 0.8036393104591064
跟丢了: 13
碰撞次数： 0 圆满完成次数： 0 丢失： 32 过近碰撞： 0 当前步长: 13 平均步长： 66.98412698428571 平均奖励: 0.8029062326240286
跟丢了: 8
碰撞次数： 0 圆满完成次数： 0 丢失： 33 过近碰撞： 0 当前步长: 8 平均步长： 65.04615384630769 平均奖励: 0.8022852667991132
跟丢了: 8
碰撞次数： 0 圆满完成次数： 0 丢失： 34 过近碰撞： 0 当前步长: 8 平均步长： 63.223880597164175 平均奖励: 0.8016810059342205
跟丢了: 40
碰撞次数： 0 圆满完成次数： 0 丢失： 35 过近碰撞： 0 当前步长: 40 平均步长： 61.97101449289855 平均奖励: 0.800860191061543
跟丢了: 26
碰撞次数： 0 圆满完成次数： 0 丢失： 36 过近碰撞： 0 当前步长: 26 平均步长： 60.59154929591549 平均奖励: 0.7989426872462642
跟丢了: 8
碰撞次数： 0 圆满完成次数： 0 丢失： 37 过近碰撞： 0 当前步长: 8 平均步长： 59.04109589054794 平均奖励: 0.7982327113263543
跟丢了: 7
碰撞次数： 0 圆满完成次数： 0 丢失： 38 过近碰撞： 0 当前步长: 7 平均步长： 57.56000000013333 平均奖励: 0.7976784468711325
跟丢了: 13
碰撞次数： 0 圆满完成次数： 0 丢失： 39 过近碰撞： 0 当前步长: 13 平均步长： 56.233766233896105 平均奖励: 0.7962575189152183
跟丢了: 9
碰撞次数： 0 圆满完成次数： 0 丢失： 40 过近碰撞： 0 当前步长: 9 平均步长： 54.92405063303797 平均奖励: 0.7956424501966071
跟丢了: 8
碰撞次数： 0 圆满完成次数： 0 丢失： 41 过近碰撞： 0 当前步长: 8 平均步长： 53.66666666679012 平均奖励: 0.7950021442476801
跟丢了: 9
碰撞次数： 0 圆满完成次数： 0 丢失： 42 过近碰撞： 0 当前步长: 9 平均步长： 52.48192771096385 平均奖励: 0.7943613173157301
跟丢了: 15
碰撞次数： 0 圆满完成次数： 0 丢失： 43 过近碰撞： 0 当前步长: 15 平均步长： 51.42352941188235 平均奖励: 0.7925858252036588
跟丢了: 7
碰撞次数： 0 圆满完成次数： 0 丢失： 44 过近碰撞： 0 当前步长: 7 平均步长： 50.32183908057471 平均奖励: 0.7920838909979981
跟丢了: 9
碰撞次数： 0 圆满完成次数： 0 丢失： 45 过近碰撞： 0 当前步长: 9 平均步长： 49.29213483157303 平均奖励: 0.7914952707600875
跟丢了: 7
碰撞次数： 0 圆满完成次数： 0 丢失： 46 过近碰撞： 0 当前步长: 7 平均步长： 48.28571428582418 平均奖励: 0.7909725280861836
跟丢了: 452
碰撞次数： 0 圆满完成次数： 0 丢失： 47 过近碰撞： 0 当前步长: 452 平均步长： 52.10752688182796 平均奖励: 0.790956813765705
跟丢了: 11
碰撞次数： 0 圆满完成次数： 0 丢失： 48 过近碰撞： 0 当前步长: 11 平均步长： 51.126315789578946 平均奖励: 0.7901277642662701
跟丢了: 9
碰撞次数： 0跟丢了: 23
碰撞次数： 0 圆满完成次数： 0 丢失： 1 过近碰撞： 0 当前步长: 23 平均步长： 23.00000001 平均奖励: 0.33908611194496
跟丢了: 7
碰撞次数： 0 圆满完成次数： 0 丢失： 2 过近碰撞： 0 当前步长: 7 平均步长： 10.000000003333334 平均奖励: 0.3634214066183584
跟丢了: 9
碰撞次数： 0 圆满完成次数： 0 丢失： 3 过近碰撞： 0 当前步长: 9 平均步长： 7.800000002 平均奖励: 0.403989484798486
跟丢了: 7
碰撞次数： 0 圆满完成次数： 0 丢失： 4 过近碰撞： 0 当前步长: 7 平均步长： 6.571428572857143 平均奖励: 0.4170902632071328
跟丢了: 7
碰撞次数： 0 圆满完成次数： 0 丢失： 5 过近碰撞： 0 当前步长: 7 平均步长： 5.8888888900000005 平均奖励: 0.41893607969424423
跟丢了: 8
碰撞次数： 0 圆满完成次数： 0 丢失： 6 过近碰撞： 0 当前步长: 8 平均步长： 5.545454546363636 平均奖励: 0.4212509735729469
跟丢了: 8
碰撞次数： 0 圆满完成次数： 0 丢失： 7 过近碰撞： 0 当前步长: 8 平均步长： 5.307692308461539 平均奖励: 0.43230866025436315
跟丢了: 10
碰撞次数： 0 圆满完成次数： 0 丢失： 8 过近碰撞： 0 当前步长: 10 平均步长： 5.266666667333334 平均奖励: 0.4366510640434581
跟丢了: 9
碰撞次数： 0 圆满完成次数： 0 丢失： 9 过近碰撞： 0 当前步长: 9 平均步长： 5.17647058882353 平均奖励: 0.44210062690472585
跟丢了: 10
碰撞次数： 0 圆满完成次数： 0 丢失： 10 过近碰撞： 0 当前步长: 10 平均步长： 5.157894737368421 平均奖励: 0.4417999541811406
跟丢了: 8
碰撞次数： 0 圆满完成次数： 0 丢失： 11 过近碰撞： 0 当前步长: 8 平均步长： 5.047619048095238 平均奖励: 0.4448664649103486
跟丢了: 7
碰撞次数： 0 圆满完成次数： 0 丢失： 12 过近碰撞： 0 当前步长: 7 平均步长： 4.913043478695653 平均奖励: 0.44604986249868955
跟丢了: 7
碰撞次数： 0 圆满完成次数： 0 丢失： 13 过近碰撞： 0 当前步长: 7 平均步长： 4.800000000400001 平均奖励: 0.4477332758673601
跟丢了: 9
碰撞次数： 0 圆满完成次数： 0 丢失： 14 过近碰撞： 0 当前步长: 9 平均步长： 4.777777778148148 平均奖励: 0.4510572830564709
跟丢了: 10
碰撞次数： 0 圆满完成次数： 0 丢失： 15 过近碰撞： 0 当前步长: 10 平均步长： 4.79310344862069 平均奖励: 0.4558680539064032
跟丢了: 27
碰撞次数： 0 圆满完成次数： 0 丢失： 16 过近碰撞： 0 当前步长: 27 平均步长： 5.35483871 平均奖励: 0.4820628634718458
跟丢了: 278
碰撞次数： 0 圆满完成次数： 0 丢失： 17 过近碰撞： 0 当前步长: 278 平均步长： 13.454545454848486 平均奖励: 0.6460490289008456
跟丢了: 9
碰撞次数： 0 圆满完成次数： 0 丢失： 18 过近碰撞： 0 当前步长: 9 平均步长： 12.942857143142858 平均奖励: 0.6425661298600156
跟丢了: 8
碰撞次数： 0 圆满完成次数： 0 丢失： 19 过近碰撞： 0 当前步长: 8 平均步长： 12.45945945972973 平均奖励: 0.6397862023096387
跟丢了: 8
碰撞次数： 0 圆满完成次数： 0 丢失： 20 过近碰撞： 0 当前步长: 8 平均步长： 12.025641025897436 平均奖励: 0.6363789291095555
跟丢了: 8
碰撞次数： 0 圆满完成次数： 0 丢失： 21 过近碰撞： 0 当前步长: 8 平均步长： 11.634146341707318 平均奖励: 0.6337759040101496
跟丢了: 8
碰撞次数： 0 圆满完成次数： 0 丢失： 22 过近碰撞： 0 当前步长: 8 平均步长： 11.279069767674418 平均奖励: 0.6321904124796378
跟丢了: 595
碰撞次数： 0 圆满完成次数： 0 丢失： 23 过近碰撞： 0 当前步长: 595 平均步长： 24.00000000022222 平均奖励: 0.7468635850680967
跟丢了: 9
碰撞次数： 0 圆满完成次数： 0 丢失： 24 过近碰撞： 0 当前步长: 9 平均步长： 23.17021276617021 平均奖励: 0.7454502162441125
跟丢了: 7
碰撞次数： 0 圆满完成次数： 0 丢失： 25 过近碰撞： 0 当前步长: 7 平均步长： 22.36734693897959 平均奖励: 0.7436885919218229
跟丢了: 13
碰撞次数： 0 圆满完成次数： 0 丢失： 26 过近碰撞： 0 当前步长: 13 平均步长： 21.74509803941176 平均奖励: 0.739808915548818
跟丢了: 8
碰撞次数： 0 圆满完成次数： 0 丢失： 27 过近碰撞： 0 当前步长: 8 平均步长： 21.075471698301886 平均奖励: 0.7378548199069865
跟丢了: 373
碰撞次数： 0 圆满完成次数： 0 丢失： 28 过近碰撞： 0 当前步长: 373 平均步长： 27.090909091090907 平均奖励: 0.7849922801086755
跟丢了: 8
碰撞次数： 0 圆满完成次数： 0 丢失： 29 过近碰撞： 0 当前步长: 8 平均步长： 26.280701754561402 平均奖励: 0.7830081617929044
跟丢了: 11
碰撞次数： 0 圆满完成次数： 0 丢失： 30 过近碰撞： 0 当前步长: 11 平均步长： 25.576271186610168 平均奖励: 0.7811743610878666
跟丢了: 8
碰撞次数： 0 圆满完成次数： 0 丢失： 31 过近碰撞： 0 当前步长: 8 平均步长： 24.868852459180324 平均奖励: 0.7792475242938848
跟丢了: 11
碰撞次数： 0 圆满完成次数： 0 丢失： 32 过近碰撞： 0 当前步长: 11 平均步长： 24.25396825412698 平均奖励: 0.776819948874681
跟丢了: 8
碰撞次数： 0 圆满完成次数： 0 丢失： 33 过近碰撞： 0 当前步长: 8 平均步长： 23.630769230923075 平均奖励: 0.77510014463829
跟丢了: 32
碰撞次数： 0 圆满完成次数： 0 丢失： 34 过近碰撞： 0 当前步长: 32 平均步长： 23.40298507477612 平均奖励: 0.7695644674889471
跟丢了: 8
碰撞次数： 0 圆满完成次数： 0 丢失： 35 过近碰撞： 0 当前步长: 8 平均步长： 22.840579710289852 平均奖励: 0.7678479162953838
跟丢了: 372
碰撞次数： 0 圆满完成次数： 0 丢失： 36 过近碰撞： 0 当前步长: 372 平均步长： 27.436619718450704 平均奖励: 0.7774025631763462
跟丢了: 10
碰撞次数： 0 圆满完成次数： 0 丢失： 37 过近碰撞： 0 当前步长: 10 平均步长： 26.82191780835616 平均奖励: 0.7759605521581494
跟丢了: 7
碰撞次数： 0 圆满完成次数： 0 丢失： 38 过近碰撞： 0 当前步长: 7 平均步长： 26.200000000133333 平均奖励: 0.7748738946161623
跟丢了: 9
碰撞次数： 0 圆满完成次数： 0 丢失： 39 过近碰撞： 0 当前步长: 9 平均步长： 25.636363636493506 平均奖励: 0.7734305854236799
跟丢了: 8
碰撞次数： 0 圆满完成次数： 0 丢失： 40 过近碰撞： 0 当前步长: 8 平均步长： 25.08860759506329 平均奖励: 0.7719877693266414
跟丢了: 11
碰撞次数： 0 圆满完成次数： 0 丢失： 41 过近碰撞： 0 当前步长: 11 平均步长： 24.604938271728393 平均奖励: 0.7711809453665137
跟丢了: 9
碰撞次数： 0 圆满完成次数： 0 丢失： 42 过近碰撞： 0 当前步长: 9 平均步长： 24.120481927831324 平均奖励: 0.7698134524849679
跟丢了: 8
碰撞次数： 0 圆满完成次数： 0 丢失： 43 过近碰撞： 0 当前步长: 8 平均步长： 23.647058823647058 平均奖励: 0.7686771707332323
跟丢了: 8
碰撞次数： 0 圆满完成次数： 0 丢失： 44 过近碰撞： 0 当前步长: 8 平均步长： 23.195402298965515 平均奖励: 0.7677720025616983
跟丢了: 1472
碰撞次数： 0 圆满完成次数： 0 丢失： 45 过近碰撞： 0 当前步长: 1472 平均步长： 39.213483146179776 平均奖励: 0.7789064194244478
跟丢了: 7
碰撞次数： 0 圆满完成次数： 0 丢失： 46 过近碰撞： 0 当前步长: 7 平均步长： 38.428571428681316 平均奖励: 0.7782030140538357
跟丢了: 8
碰撞次数： 0 圆满完成次数： 0 丢失： 47 过近碰撞： 0 当前步长: 8 平均步长： 37.68817204311828 平均奖励: 0.7776847429677815
跟丢了: 8
碰撞次数： 0 圆满完成次数： 0 丢失： 48 过近碰撞： 0 当前步长: 8 平均步长： 36.97894736852631 平均奖励: 0.7770502515101199
跟丢了: 9
碰撞次数： 0 跟丢了: 8
碰撞次数： 0 圆满完成次数： 0 丢失： 1 过近碰撞： 0 当前步长: 8 平均步长： 8.00000001 平均奖励: 0.501572243383164
跟丢了: 7
碰撞次数： 0 圆满完成次数： 0 丢失： 2 过近碰撞： 0 当前步长: 7 平均步长： 5.000000003333334 平均奖励: 0.49026751055504386
跟丢了: 7
碰撞次数： 0 圆满完成次数： 0 丢失： 3 过近碰撞： 0 当前步长: 7 平均步长： 4.4000000020000005 平均奖励: 0.4855988396976906
跟丢了: 7
碰撞次数： 0 圆满完成次数： 0 丢失： 4 过近碰撞： 0 当前步长: 7 平均步长： 4.142857144285714 平均奖励: 0.4853317397528803
跟丢了: 7
碰撞次数： 0 圆满完成次数： 0 丢失： 5 过近碰撞： 0 当前步长: 7 平均步长： 4.000000001111111 平均奖励: 0.4742641465361813
跟丢了: 8
碰撞次数： 0 圆满完成次数： 0 丢失： 6 过近碰撞： 0 当前步长: 8 平均步长： 4.000000000909091 平均奖励: 0.4687957845057639
跟丢了: 7
碰撞次数： 0 圆满完成次数： 0 丢失： 7 过近碰撞： 0 当前步长: 7 平均步长： 3.923076923846154 平均奖励: 0.47035026109867784
跟丢了: 11
碰撞次数： 0 圆满完成次数： 0 丢失： 8 过近碰撞： 0 当前步长: 11 平均步长： 4.1333333340000005 平均奖励: 0.48479979632620696
跟丢了: 14
碰撞次数： 0 圆满完成次数： 0 丢失： 9 过近碰撞： 0 当前步长: 14 平均步长： 4.470588235882353 平均奖励: 0.4969248007457866
跟丢了: 9
碰撞次数： 0 圆满完成次数： 0 丢失： 10 过近碰撞： 0 当前步长: 9 平均步长： 4.473684211052632 平均奖励: 0.4971852071720398
跟丢了: 651
碰撞次数： 0 圆满完成次数： 0 丢失： 11 过近碰撞： 0 当前步长: 651 平均步长： 35.047619048095235 平均奖励: 0.7306466900198869
跟丢了: 9
碰撞次数： 0 圆满完成次数： 0 丢失： 12 过近碰撞： 0 当前步长: 9 平均步长： 32.39130434826087 平均奖励: 0.726691769531439
跟丢了: 7
碰撞次数： 0 圆满完成次数： 0 丢失： 13 过近碰撞： 0 当前步长: 7 平均步长： 30.080000000400002 平均奖励: 0.7243909044518941
跟丢了: 1992
碰撞次数： 0 圆满完成次数： 0 丢失： 14 过近碰撞： 0 当前步长: 1992 平均步长： 101.62962963 平均奖励: 0.7790185464436015
跟丢了: 8
碰撞次数： 0 圆满完成次数： 0 丢失： 15 过近碰撞： 0 当前步长: 8 平均步长： 94.89655172448275 平均奖励: 0.777951664814044
跟丢了: 9
碰撞次数： 0 圆满完成次数： 0 丢失： 16 过近碰撞： 0 当前步长: 9 平均步长： 89.06451612935483 平均奖励: 0.7767026814720681
跟丢了: 7
碰撞次数： 0 圆满完成次数： 0 丢失： 17 过近碰撞： 0 当前步长: 7 平均步长： 83.87878787909091 平均奖励: 0.7758223526673914
跟丢了: 13
碰撞次数： 0 圆满完成次数： 0 丢失： 18 过近碰撞： 0 当前步长: 13 平均步长： 79.45714285742856 平均奖励: 0.7745364914458793
跟丢了: 7
碰撞次数： 0 圆满完成次数： 0 丢失： 19 过近碰撞： 0 当前步长: 7 平均步长： 75.35135135162162 平均奖励: 0.7736669489440116
跟丢了: 1
碰撞次数： 0 圆满完成次数： 0 丢失： 20 过近碰撞： 0 当前步长: 1 平均步长： 71.51282051307692 平均奖励: 0.773030998083869
跟丢了: 9
碰撞次数： 0 圆满完成次数： 0 丢失： 21 过近碰撞： 0 当前步长: 9 平均步长： 68.2439024392683 平均奖励: 0.7721409436419903
跟丢了: 8
碰撞次数： 0 圆满完成次数： 0 丢失： 22 过近碰撞： 0 当前步长: 8 平均步长： 65.25581395372093 平均奖励: 0.7712174054346337
跟丢了: 9
碰撞次数： 0 圆满完成次数： 0 丢失： 23 过近碰撞： 0 当前步长: 9 平均步长： 62.55555555577777 平均奖励: 0.7702258102836479
跟丢了: 15
碰撞次数： 0 圆满完成次数： 0 丢失： 24 过近碰撞： 0 当前步长: 15 平均步长： 60.21276595765957 平均奖励: 0.7685659785937057
跟丢了: 27
碰撞次数： 0 圆满完成次数： 0 丢失： 25 过近碰撞： 0 当前步长: 27 平均步长： 58.30612244918367 平均奖励: 0.766816553658797
跟丢了: 9
碰撞次数： 0 圆满完成次数： 0 丢失： 26 过近碰撞： 0 当前步长: 9 平均步长： 56.19607843156862 平均奖励: 0.7657912999476397
跟丢了: 8
碰撞次数： 0 圆满完成次数： 0 丢失： 27 过近碰撞： 0 当前步长: 8 平均步长： 54.2264150945283 平均奖励: 0.7649033696358717
跟丢了: 21
碰撞次数： 0 圆满完成次数： 0 丢失： 28 过近碰撞： 0 当前步长: 21 平均步长： 52.636363636545454 平均奖励: 0.7626727322631618
跟丢了: 7
碰撞次数： 0 圆满完成次数： 0 丢失： 29 过近碰撞： 0 当前步长: 7 平均步长： 50.912280701929824 平均奖励: 0.7619792924238963
跟丢了: 9
碰撞次数： 0 圆满完成次数： 0 丢失： 30 过近碰撞： 0 当前步长: 9 平均步长： 49.338983051016946 平均奖励: 0.7609776649519103
跟丢了: 8
碰撞次数： 0 圆满完成次数： 0 丢失： 31 过近碰撞： 0 当前步长: 8 平均步长： 47.852459016557376 平均奖励: 0.7602132217379377
跟丢了: 7
碰撞次数： 0 圆满完成次数： 0 丢失： 32 过近碰撞： 0 当前步长: 7 平均步长： 46.44444444460317 平均奖励: 0.7595432283469934
跟丢了: 11
碰撞次数： 0 圆满完成次数： 0 丢失： 33 过近碰撞： 0 当前步长: 11 平均步长： 45.18461538476923 平均奖励: 0.7585617834237357
跟丢了: 635
碰撞次数： 0 圆满完成次数： 0 丢失： 34 过近碰撞： 0 当前步长: 635 平均步长： 53.31343283597015 平均奖励: 0.7654443899180414
跟丢了: 27
碰撞次数： 0 圆满完成次数： 0 丢失： 35 过近碰撞： 0 当前步长: 27 平均步长： 52.15942029 平均奖励: 0.7635275635705518
跟丢了: 9
碰撞次数： 0 圆满完成次数： 0 丢失： 36 过近碰撞： 0 当前步长: 9 平均步长： 50.81690140859155 平均奖励: 0.7626574014587763
跟丢了: 10
碰撞次数： 0 圆满完成次数： 0 丢失： 37 过近碰撞： 0 当前步长: 10 平均步长： 49.56164383575342 平均奖励: 0.7617963915745252
跟丢了: 9
碰撞次数： 0 圆满完成次数： 0 丢失： 38 过近碰撞： 0 当前步长: 9 平均步长： 48.36000000013333 平均奖励: 0.7608871879866184
跟丢了: 8
碰撞次数： 0 圆满完成次数： 0 丢失： 39 过近碰撞： 0 当前步长: 8 平均步长： 47.207792207922076 平均奖励: 0.7601210122921109
跟丢了: 24
碰撞次数： 0 圆满完成次数： 0 丢失： 40 过近碰撞： 0 当前步长: 24 平均步长： 46.316455696329115 平均奖励: 0.758785164176814
跟丢了: 11
碰撞次数： 0 圆满完成次数： 0 丢失： 41 过近碰撞： 0 当前步长: 11 平均步长： 45.308641975432096 平均奖励: 0.7580328005141571
跟丢了: 956
碰撞次数： 0 圆满完成次数： 0 丢失： 42 过近碰撞： 0 当前步长: 956 平均步长： 55.734939759156624 平均奖励: 0.7827658547629279
跟丢了: 9
碰撞次数： 0 圆满完成次数： 0 丢失： 43 过近碰撞： 0 当前步长: 9 平均步长： 54.52941176482353 平均奖励: 0.7821061183391865
跟丢了: 9
碰撞次数： 0 圆满完成次数： 0 丢失： 44 过近碰撞： 0 当前步长: 9 平均步长： 53.379310344942525 平均奖励: 0.7815052061076992
跟丢了: 25
碰撞次数： 0 圆满完成次数： 0 丢失： 45 过近碰撞： 0 当前步长: 25 平均步长： 52.46067415741573 平均奖励: 0.7802202763341114
跟丢了: 9
碰撞次数： 0 圆满完成次数： 0 丢失： 46 过近碰撞： 0 当前步长: 9 平均步长： 51.406593406703294 平均奖励: 0.7795706604937666
圆满完成了本episode:
碰撞次数： 0 圆满完成次数： 1 丢失： 46 过近碰撞： 0 当前步长: 2000 平均步长： 71.80645161301075 平均奖励: 0.7904012152530814
跟丢了: 22
碰撞次数： 0 圆满完成次数： 1 丢失： 47 过近碰撞： 0 当前步长: 22 平均步长： 70.52631578957894 平均奖励: 0.78963636933254
跟丢了: 10
碰撞次数： 0 跟丢了: 14
碰撞次数： 0 圆满完成次数： 0 丢失： 1 过近碰撞： 0 当前步长: 14 平均步长： 14.00000001 平均奖励: 0.5006460603529107
跟丢了: 24
碰撞次数： 0 圆满完成次数： 0 丢失： 2 过近碰撞： 0 当前步长: 24 平均步长： 12.66666667 平均奖励: 0.5998872597947996
跟丢了: 7
碰撞次数： 0 圆满完成次数： 0 丢失： 3 过近碰撞： 0 当前步长: 7 平均步长： 9.000000002 平均奖励: 0.5831409582000207
跟丢了: 12
碰撞次数： 0 圆满完成次数： 0 丢失： 4 过近碰撞： 0 当前步长: 12 平均步长： 8.142857144285715 平均奖励: 0.5473091801349302
跟丢了: 16
碰撞次数： 0 圆满完成次数： 0 丢失： 5 过近碰撞： 0 当前步长: 16 平均步长： 8.111111112222224 平均奖励: 0.5546990436194861
跟丢了: 6
碰撞次数： 0 圆满完成次数： 0 丢失： 6 过近碰撞： 0 当前步长: 6 平均步长： 7.181818182727273 平均奖励: 0.5492988136743351
跟丢了: 7
碰撞次数： 0 圆满完成次数： 0 丢失： 7 过近碰撞： 0 当前步长: 7 平均步长： 6.615384616153847 平均奖励: 0.5449784011967042
跟丢了: 8
碰撞次数： 0 圆满完成次数： 0 丢失： 8 过近碰撞： 0 当前步长: 8 平均步长： 6.266666667333334 平均奖励: 0.5337217404674514
跟丢了: 26
碰撞次数： 0 圆满完成次数： 0 丢失： 9 过近碰撞： 0 当前步长: 26 平均步长： 7.058823530000001 平均奖励: 0.5224491310010744
跟丢了: 8
碰撞次数： 0 圆满完成次数： 0 丢失： 10 过近碰撞： 0 当前步长: 8 平均步长： 6.736842105789474 平均奖励: 0.5180699143229291
tracker发生碰撞: 11
碰撞次数： 1 圆满完成次数： 0 丢失： 10 过近碰撞： 0 当前步长: 11 平均步长： 6.61904761952381 平均奖励: 0.5149193870207514
跟丢了: 9
碰撞次数： 1 圆满完成次数： 0 丢失： 11 过近碰撞： 0 当前步长: 9 平均步长： 6.434782609130435 平均奖励: 0.5118579969088469
跟丢了: 7
碰撞次数： 1 圆满完成次数： 0 丢失： 12 过近碰撞： 0 当前步长: 7 平均步长： 6.2000000004 平均奖励: 0.5083500294563403
跟丢了: 7
碰撞次数： 1 圆满完成次数： 0 丢失： 13 过近碰撞： 0 当前步长: 7 平均步长： 6.00000000037037 平均奖励: 0.5069621436416337
跟丢了: 10
碰撞次数： 1 圆满完成次数： 0 丢失： 14 过近碰撞： 0 当前步长: 10 平均步长： 5.931034483103448 平均奖励: 0.49953871863831795
跟丢了: 13
碰撞次数： 1 圆满完成次数： 0 丢失： 15 过近碰撞： 0 当前步长: 13 平均步长： 5.967741935806452 平均奖励: 0.49185147001014556
跟丢了: 8
碰撞次数： 1 圆满完成次数： 0 丢失： 16 过近碰撞： 0 当前步长: 8 平均步长： 5.848484848787879 平均奖励: 0.49002764288237605
跟丢了: 8
碰撞次数： 1 圆满完成次数： 0 丢失： 17 过近碰撞： 0 当前步长: 8 平均步长： 5.7428571431428574 平均奖励: 0.49073346520898997
跟丢了: 7
碰撞次数： 1 圆满完成次数： 0 丢失： 18 过近碰撞： 0 当前步长: 7 平均步长： 5.621621621891892 平均奖励: 0.48895539593960513
跟丢了: 11
碰撞次数： 1 圆满完成次数： 0 丢失： 19 过近碰撞： 0 当前步长: 11 平均步长： 5.615384615641026 平均奖励: 0.4926889365055799
跟丢了: 7
碰撞次数： 1 圆满完成次数： 0 丢失： 20 过近碰撞： 0 当前步长: 7 平均步长： 5.512195122195122 平均奖励: 0.4906287962828469
跟丢了: 17
碰撞次数： 1 圆满完成次数： 0 丢失： 21 过近碰撞： 0 当前步长: 17 平均步长： 5.651162790930233 平均奖励: 0.4992845534032753
跟丢了: 7
碰撞次数： 1 圆满完成次数： 0 丢失： 22 过近碰撞： 0 当前步长: 7 平均步长： 5.555555555777778 平均奖励: 0.4973315030730784
跟丢了: 7
碰撞次数： 1 圆满完成次数： 0 丢失： 23 过近碰撞： 0 当前步长: 7 平均步长： 5.468085106595745 平均奖励: 0.49580893623682115
跟丢了: 9
碰撞次数： 1 圆满完成次数： 0 丢失： 24 过近碰撞： 0 当前步长: 9 平均步长： 5.42857142877551 平均奖励: 0.4943902778936133
跟丢了: 11
碰撞次数： 1 圆满完成次数： 0 丢失： 25 过近碰撞： 0 当前步长: 11 平均步长： 5.431372549215687 平均奖励: 0.49303451636835344
跟丢了: 7
碰撞次数： 1 圆满完成次数： 0 丢失： 26 过近碰撞： 0 当前步长: 7 平均步长： 5.358490566226415 平均奖励: 0.49230860751200484
跟丢了: 7
碰撞次数： 1 圆满完成次数： 0 丢失： 27 过近碰撞： 0 当前步长: 7 平均步长： 5.290909091090909 平均奖励: 0.4919603309116559
跟丢了: 8
碰撞次数： 1 圆满完成次数： 0 丢失： 28 过近碰撞： 0 当前步长: 8 平均步长： 5.245614035263158 平均奖励: 0.4919598886745478
跟丢了: 8
碰撞次数： 1 圆满完成次数： 0 丢失： 29 过近碰撞： 0 当前步长: 8 平均步长： 5.203389830677966 平均奖励: 0.49100408639939447
跟丢了: 7
碰撞次数： 1 圆满完成次数： 0 丢失： 30 过近碰撞： 0 当前步长: 7 平均步长： 5.147540983770492 平均奖励: 0.49028807668117974
跟丢了: 85
碰撞次数： 1 圆满完成次数： 0 丢失： 31 过近碰撞： 0 当前步长: 85 平均步长： 6.333333333492064 平均奖励: 0.5467573584769322
跟丢了: 8
碰撞次数： 1 圆满完成次数： 0 丢失： 32 过近碰撞： 0 当前步长: 8 平均步长： 6.261538461692308 平均奖励: 0.5445238707167269
跟丢了: 235
碰撞次数： 1 圆满完成次数： 0 丢失： 33 过近碰撞： 0 当前步长: 235 平均步长： 9.58208955238806 平均奖励: 0.6515468471886231
跟丢了: 7
碰撞次数： 1 圆满完成次数： 0 丢失： 34 过近碰撞： 0 当前步长: 7 平均步长： 9.405797101594203 平均奖励: 0.6496249254937682
跟丢了: 7
碰撞次数： 1 圆满完成次数： 0 丢失： 35 过近碰撞： 0 当前步长: 7 平均步长： 9.239436619859156 平均奖励: 0.6475196865729759
跟丢了: 10
碰撞次数： 1 圆满完成次数： 0 丢失： 36 过近碰撞： 0 当前步长: 10 平均步长： 9.123287671369862 平均奖励: 0.6434001170676894
跟丢了: 9
碰撞次数： 1 圆满完成次数： 0 丢失： 37 过近碰撞： 0 当前步长: 9 平均步长： 9.000000000133333 平均奖励: 0.6399952104054747
跟丢了: 9
碰撞次数： 1 圆满完成次数： 0 丢失： 38 过近碰撞： 0 当前步长: 9 平均步长： 8.883116883246753 平均奖励: 0.6381678532269689
跟丢了: 55
碰撞次数： 1 圆满完成次数： 0 丢失： 39 过近碰撞： 0 当前步长: 55 平均步长： 9.354430379873417 平均奖励: 0.6345243314755981
跟丢了: 8
碰撞次数： 1 圆满完成次数： 0 丢失： 40 过近碰撞： 0 当前步长: 8 平均步长： 9.222222222345678 平均奖励: 0.6321616293182717
跟丢了: 416
碰撞次数： 1 圆满完成次数： 0 丢失： 41 过近碰撞： 0 当前步长: 416 平均步长： 14.012048192891564 平均奖励: 0.6603035440122761
跟丢了: 9
碰撞次数： 1 圆满完成次数： 0 丢失： 42 过近碰撞： 0 当前步长: 9 平均步长： 13.788235294235292 平均奖励: 0.659028354663631
跟丢了: 32
碰撞次数： 1 圆满完成次数： 0 丢失： 43 过近碰撞： 0 当前步长: 32 平均步长： 13.839080459885055 平均奖励: 0.6534821356108369
跟丢了: 11
碰撞次数： 1 圆满完成次数： 0 丢失： 44 过近碰撞： 0 当前步长: 11 平均步长： 13.651685393370785 平均奖励: 0.6520072010121858
跟丢了: 40
碰撞次数： 1 圆满完成次数： 0 丢失： 45 过近碰撞： 0 当前步长: 40 平均步长： 13.791208791318681 平均奖励: 0.6468996836068136
跟丢了: 11
碰撞次数： 1 圆满完成次数： 0 丢失： 46 过近碰撞： 0 当前步长: 11 平均步长： 13.612903225913977 平均奖励: 0.6461813526296775
跟丢了: 17
碰撞次数： 1 圆满完成次数： 0 丢失： 47 过近碰撞： 0 当前步长: 17 平均步长： 13.505263157999998 平均奖励: 0.644436307019235
跟丢了: 16
碰撞次数： 1 跟丢了: 8
碰撞次数： 0 圆满完成次数： 0 丢失： 1 过近碰撞： 0 当前步长: 8 平均步长： 8.00000001 平均奖励: 0.45777798908166883
跟丢了: 8
碰撞次数： 0 圆满完成次数： 0 丢失： 2 过近碰撞： 0 当前步长: 8 平均步长： 5.333333336666667 平均奖励: 0.4330987015123643
跟丢了: 8
碰撞次数： 0 圆满完成次数： 0 丢失： 3 过近碰撞： 0 当前步长: 8 平均步长： 4.800000002 平均奖励: 0.4404996080384362
跟丢了: 9
碰撞次数： 0 圆满完成次数： 0 丢失： 4 过近碰撞： 0 当前步长: 9 平均步长： 4.7142857157142855 平均奖励: 0.428952477743598
跟丢了: 10
碰撞次数： 0 圆满完成次数： 0 丢失： 5 过近碰撞： 0 当前步长: 10 平均步长： 4.777777778888889 平均奖励: 0.41608706937512163
跟丢了: 11
碰撞次数： 0 圆满完成次数： 0 丢失： 6 过近碰撞： 0 当前步长: 11 平均步长： 4.90909091 平均奖励: 0.43963759410202374
跟丢了: 15
碰撞次数： 0 圆满完成次数： 0 丢失： 7 过近碰撞： 0 当前步长: 15 平均步长： 5.307692308461539 平均奖励: 0.42788928238595336
跟丢了: 17
碰撞次数： 0 圆满完成次数： 0 丢失： 8 过近碰撞： 0 当前步长: 17 平均步长： 5.733333334 平均奖励: 0.44976630150723146
跟丢了: 9
碰撞次数： 0 圆满完成次数： 0 丢失： 9 过近碰撞： 0 当前步长: 9 平均步长： 5.588235294705883 平均奖励: 0.4616408494509609
跟丢了: 8
碰撞次数： 0 圆满完成次数： 0 丢失： 10 过近碰撞： 0 当前步长: 8 平均步长： 5.421052632105264 平均奖励: 0.46088356912893697
跟丢了: 8
碰撞次数： 0 圆满完成次数： 0 丢失： 11 过近碰撞： 0 当前步长: 8 平均步长： 5.285714286190476 平均奖励: 0.46361988260971404
跟丢了: 10
碰撞次数： 0 圆满完成次数： 0 丢失： 12 过近碰撞： 0 当前步长: 10 平均步长： 5.2608695656521745 平均奖励: 0.4721866699943406
跟丢了: 7
碰撞次数： 0 圆满完成次数： 0 丢失： 13 过近碰撞： 0 当前步长: 7 平均步长： 5.1200000004 平均奖励: 0.4696269026463716
跟丢了: 8
碰撞次数： 0 圆满完成次数： 0 丢失： 14 过近碰撞： 0 当前步长: 8 平均步长： 5.037037037407408 平均奖励: 0.4702899695763722
跟丢了: 8
碰撞次数： 0 圆满完成次数： 0 丢失： 15 过近碰撞： 0 当前步长: 8 平均步长： 4.965517241724138 平均奖励: 0.47561435538197044
跟丢了: 630
碰撞次数： 0 圆满完成次数： 0 丢失： 16 过近碰撞： 0 当前步长: 630 平均步长： 24.96774193580645 平均奖励: 0.6624546533090647
跟丢了: 7
碰撞次数： 0 圆满完成次数： 0 丢失： 17 过近碰撞： 0 当前步长: 7 平均步长： 23.666666666969697 平均奖励: 0.6603303812215583
跟丢了: 14
碰撞次数： 0 圆满完成次数： 0 丢失： 18 过近碰撞： 0 当前步长: 14 平均步长： 22.714285714571428 平均奖励: 0.6566431912252199
跟丢了: 7
碰撞次数： 0 圆满完成次数： 0 丢失： 19 过近碰撞： 0 当前步长: 7 平均步长： 21.675675675945946 平均奖励: 0.6547364169492957
跟丢了: 7
碰撞次数： 0 圆满完成次数： 0 丢失： 20 过近碰撞： 0 当前步长: 7 平均步长： 20.743589743846155 平均奖励: 0.6528947511000245
跟丢了: 8
碰撞次数： 0 圆满完成次数： 0 丢失： 21 过近碰撞： 0 当前步长: 8 平均步长： 19.926829268536586 平均奖励: 0.6506481282426003
跟丢了: 10
碰撞次数： 0 圆满完成次数： 0 丢失： 22 过近碰撞： 0 当前步长: 10 平均步长： 19.23255813976744 平均奖励: 0.6470840105295436
跟丢了: 23
碰撞次数： 0 圆满完成次数： 0 丢失： 23 过近碰撞： 0 当前步长: 23 平均步长： 18.88888888911111 平均奖励: 0.6366882845282099
跟丢了: 8
碰撞次数： 0 圆满完成次数： 0 丢失： 24 过近碰撞： 0 当前步长: 8 平均步长： 18.255319149148935 平均奖励: 0.6351156340809799
跟丢了: 8
碰撞次数： 0 圆满完成次数： 0 丢失： 25 过近碰撞： 0 当前步长: 8 平均步长： 17.673469387959184 平均奖励: 0.6332941427377804
跟丢了: 692
碰撞次数： 0 圆满完成次数： 0 丢失： 26 过近碰撞： 0 当前步长: 692 平均步长： 30.549019608039213 平均奖励: 0.6820348722019917
跟丢了: 8
碰撞次数： 0 圆满完成次数： 0 丢失： 27 过近碰撞： 0 当前步长: 8 平均步长： 29.54716981150943 平均奖励: 0.6807296089157167
跟丢了: 7
碰撞次数： 0 圆满完成次数： 0 丢失： 28 过近碰撞： 0 当前步长: 7 平均步长： 28.600000000181815 平均奖励: 0.6797539627350953
跟丢了: 7
碰撞次数： 0 圆满完成次数： 0 丢失： 29 过近碰撞： 0 当前步长: 7 平均步长： 27.71929824578947 平均奖励: 0.6787952659968927
跟丢了: 8
碰撞次数： 0 圆满完成次数： 0 丢失： 30 过近碰撞： 0 当前步长: 8 平均步长： 26.915254237457624 平均奖励: 0.6775854523450425
跟丢了: 10
碰撞次数： 0 圆满完成次数： 0 丢失： 31 过近碰撞： 0 当前步长: 10 平均步长： 26.196721311639344 平均奖励: 0.6765189761058314
跟丢了: 8
碰撞次数： 0 圆满完成次数： 0 丢失： 32 过近碰撞： 0 当前步长: 8 平均步长： 25.492063492222222 平均奖励: 0.6751829788903522
跟丢了: 1008
碰撞次数： 0 圆满完成次数： 0 丢失： 33 过近碰撞： 0 当前步长: 1008 平均步长： 40.21538461553846 平均奖励: 0.7072792699683297
跟丢了: 10
碰撞次数： 0 圆满完成次数： 0 丢失： 34 过近碰撞： 0 当前步长: 10 平均步长： 39.16417910462686 平均奖励: 0.7068882337454618
跟丢了: 8
碰撞次数： 0 圆满完成次数： 0 丢失： 35 过近碰撞： 0 当前步长: 8 平均步长： 38.14492753637681 平均奖励: 0.7060484125101825
跟丢了: 7
碰撞次数： 0 圆满完成次数： 0 丢失： 36 过近碰撞： 0 当前步长: 7 平均步长： 37.169014084647884 平均奖励: 0.7053184382787296
跟丢了: 7
碰撞次数： 0 圆满完成次数： 0 丢失： 37 过近碰撞： 0 当前步长: 7 平均步长： 36.24657534260274 平均奖励: 0.7046817819173572
跟丢了: 9
碰撞次数： 0 圆满完成次数： 0 丢失： 38 过近碰撞： 0 当前步长: 9 平均步长： 35.40000000013333 平均奖励: 0.7037422334988634
跟丢了: 26
碰撞次数： 0 圆满完成次数： 0 丢失： 39 过近碰撞： 0 当前步长: 26 平均步长： 34.818181818311686 平均奖励: 0.7015436264570515
跟丢了: 11
碰撞次数： 0 圆满完成次数： 0 丢失： 40 过近碰撞： 0 当前步长: 11 平均步长： 34.07594936721519 平均奖励: 0.7009055768971587
跟丢了: 8
碰撞次数： 0 圆满完成次数： 0 丢失： 41 过近碰撞： 0 当前步长: 8 平均步长： 33.333333333456785 平均奖励: 0.700288665043956
跟丢了: 10
碰撞次数： 0 圆满完成次数： 0 丢失： 42 过近碰撞： 0 当前步长: 10 平均步长： 32.65060240975904 平均奖励: 0.6999517158962892
跟丢了: 16
碰撞次数： 0 圆满完成次数： 0 丢失： 43 过近碰撞： 0 当前步长: 16 平均步长： 32.07058823541176 平均奖励: 0.6988555562038996
跟丢了: 7
碰撞次数： 0 圆满完成次数： 0 丢失： 44 过近碰撞： 0 当前步长: 7 平均步长： 31.41379310356322 平均奖励: 0.6982697467579947
跟丢了: 25
碰撞次数： 0 圆满完成次数： 0 丢失： 45 过近碰撞： 0 当前步长: 25 平均步长： 30.98876404505618 平均奖励: 0.6965209278177606
跟丢了: 34
碰撞次数： 0 圆满完成次数： 0 丢失： 46 过近碰撞： 0 当前步长: 34 平均步长： 30.68131868142857 平均奖励: 0.6951793606526337
跟丢了: 9
碰撞次数： 0 圆满完成次数： 0 丢失： 47 过近碰撞： 0 当前步长: 9 平均步长： 30.11827957 平均奖励: 0.6944779534566782
跟丢了: 9
碰撞次数： 0 圆满完成次数： 0 丢失： 48 过近碰撞： 0 当前步长: 9 平均步长： 29.578947368526315 平均奖励: 0.6934987915669678
跟丢了: 18
碰撞次数： 0 圆满完成次数： 0 跟丢了: 8
碰撞次数： 0 圆满完成次数： 0 丢失： 1 过近碰撞： 0 当前步长: 8 平均步长： 8.00000001 平均奖励: 0.49856034722326015
跟丢了: 7
碰撞次数： 0 圆满完成次数： 0 丢失： 2 过近碰撞： 0 当前步长: 7 平均步长： 5.000000003333334 平均奖励: 0.4598276184695023
跟丢了: 9
碰撞次数： 0 圆满完成次数： 0 丢失： 3 过近碰撞： 0 当前步长: 9 平均步长： 4.800000002 平均奖励: 0.4688044927393154
跟丢了: 583
碰撞次数： 0 圆满完成次数： 0 丢失： 4 过近碰撞： 0 当前步长: 583 平均步长： 86.71428571571428 平均奖励: 0.7705554481334822
跟丢了: 9
碰撞次数： 0 圆满完成次数： 0 丢失： 5 过近碰撞： 0 当前步长: 9 平均步长： 68.44444444555556 平均奖励: 0.7651509786737667
跟丢了: 7
碰撞次数： 0 圆满完成次数： 0 丢失： 6 过近碰撞： 0 当前步长: 7 平均步长： 56.63636363727273 平均奖励: 0.7613500638830042
跟丢了: 8
碰撞次数： 0 圆满完成次数： 0 丢失： 7 过近碰撞： 0 当前步长: 8 平均步长： 48.53846153923077 平均奖励: 0.7572514431608375
跟丢了: 14
碰撞次数： 0 圆满完成次数： 0 丢失： 8 过近碰撞： 0 当前步长: 14 平均步长： 43.00000000066667 平均奖励: 0.7486059904914619
跟丢了: 8
碰撞次数： 0 圆满完成次数： 0 丢失： 9 过近碰撞： 0 当前步长: 8 平均步长： 38.41176470647059 平均奖励: 0.7447646863645223
跟丢了: 9
碰撞次数： 0 圆满完成次数： 0 丢失： 10 过近碰撞： 0 当前步长: 9 平均步长： 34.84210526368421 平均奖励: 0.7409356796423158
跟丢了: 7
碰撞次数： 0 圆满完成次数： 0 丢失： 11 过近碰撞： 0 当前步长: 7 平均步长： 31.85714285761905 平均奖励: 0.7376393723926478
跟丢了: 728
碰撞次数： 0 圆满完成次数： 0 丢失： 12 过近碰撞： 0 当前步长: 728 平均步长： 60.73913043521738 平均奖励: 0.7641017022757439
跟丢了: 8
碰撞次数： 0 圆满完成次数： 0 丢失： 13 过近碰撞： 0 当前步长: 8 平均步长： 56.200000000399996 平均奖励: 0.7621527081121012
跟丢了: 11
碰撞次数： 0 圆满完成次数： 0 丢失： 14 过近碰撞： 0 当前步长: 11 平均步长： 52.44444444481481 平均奖励: 0.7593738995053226
跟丢了: 9
碰撞次数： 0 圆满完成次数： 0 丢失： 15 过近碰撞： 0 当前步长: 9 平均步长： 49.13793103482758 平均奖励: 0.757056444435029
跟丢了: 8
碰撞次数： 0 圆满完成次数： 0 丢失： 16 过近碰撞： 0 当前步长: 8 平均步长： 46.22580645193548 平均奖励: 0.7553864236833312
跟丢了: 8
碰撞次数： 0 圆满完成次数： 0 丢失： 17 过近碰撞： 0 当前步长: 8 平均步长： 43.6666666669697 平均奖励: 0.7535823486851855
跟丢了: 29
碰撞次数： 0 圆满完成次数： 0 丢失： 18 过近碰撞： 0 当前步长: 29 平均步长： 42.00000000028571 平均奖励: 0.7479528806670019
跟丢了: 19
碰撞次数： 0 圆满完成次数： 0 丢失： 19 过近碰撞： 0 当前步长: 19 平均步长： 40.24324324351351 平均奖励: 0.7435361445657801
跟丢了: 7
碰撞次数： 0 圆满完成次数： 0 丢失： 20 过近碰撞： 0 当前步长: 7 平均步长： 38.358974359230764 平均奖励: 0.74223938649557
跟丢了: 8
碰撞次数： 0 圆满完成次数： 0 丢失： 21 过近碰撞： 0 当前步长: 8 平均步长： 36.68292682951219 平均奖励: 0.7405240308909742
跟丢了: 10
碰撞次数： 0 圆满完成次数： 0 丢失： 22 过近碰撞： 0 当前步长: 10 平均步长： 35.20930232581395 平均奖励: 0.7398082405420292
跟丢了: 8
碰撞次数： 0 圆满完成次数： 0 丢失： 23 过近碰撞： 0 当前步长: 8 平均步长： 33.822222222444445 平均奖励: 0.7383994220195643
跟丢了: 21
碰撞次数： 0 圆满完成次数： 0 丢失： 24 过近碰撞： 0 当前步长: 21 平均步长： 32.82978723425531 平均奖励: 0.7344738531525259
跟丢了: 8
碰撞次数： 0 圆满完成次数： 0 丢失： 25 过近碰撞： 0 当前步长: 8 平均步长： 31.653061224693875 平均奖励: 0.7328854433049191
跟丢了: 9
碰撞次数： 0 圆满完成次数： 0 丢失： 26 过近碰撞： 0 当前步长: 9 平均步长： 30.588235294313723 平均奖励: 0.7319501851768657
跟丢了: 11
碰撞次数： 0 圆满完成次数： 0 丢失： 27 过近碰撞： 0 当前步长: 11 平均步长： 29.64150943415094 平均奖励: 0.730610762653061
跟丢了: 10
碰撞次数： 0 圆满完成次数： 0 丢失： 28 过近碰撞： 0 当前步长: 10 平均步长： 28.745454545636363 平均奖励: 0.7291675792873932
跟丢了: 10
碰撞次数： 0 圆满完成次数： 0 丢失： 29 过近碰撞： 0 当前步长: 10 平均步长： 27.912280701929824 平均奖励: 0.7276922034356028
跟丢了: 9
碰撞次数： 0 圆满完成次数： 0 丢失： 30 过近碰撞： 0 当前步长: 9 平均步长： 27.1186440679661 平均奖励: 0.7263309178961702
跟丢了: 8
碰撞次数： 0 圆满完成次数： 0 丢失： 31 过近碰撞： 0 当前步长: 8 平均步长： 26.36065573786885 平均奖励: 0.7251071033427683
跟丢了: 7
碰撞次数： 0 圆满完成次数： 0 丢失： 32 过近碰撞： 0 当前步长: 7 平均步长： 25.634920635079364 平均奖励: 0.7239823401954332
跟丢了: 8
碰撞次数： 0 圆满完成次数： 0 丢失： 33 过近碰撞： 0 当前步长: 8 平均步长： 24.969230769384613 平均奖励: 0.7224429556272064
跟丢了: 8
碰撞次数： 0 圆满完成次数： 0 丢失： 34 过近碰撞： 0 当前步长: 8 平均步长： 24.343283582238804 平均奖励: 0.7210991430544226
跟丢了: 8
碰撞次数： 0 圆满完成次数： 0 丢失： 35 过近碰撞： 0 当前步长: 8 平均步长： 23.753623188550723 平均奖励: 0.7198083005999225
跟丢了: 8
碰撞次数： 0 圆满完成次数： 0 丢失： 36 过近碰撞： 0 当前步长: 8 平均步长： 23.197183098732392 平均奖励: 0.7183228697467063
跟丢了: 9
碰撞次数： 0 圆满完成次数： 0 丢失： 37 过近碰撞： 0 当前步长: 9 平均步长： 22.6849315069863 平均奖励: 0.7169187052445104
跟丢了: 805
碰撞次数： 0 圆满完成次数： 0 丢失： 38 过近碰撞： 0 当前步长: 805 平均步长： 32.813333333466666 平均奖励: 0.7339033137455424
跟丢了: 8
碰撞次数： 0 圆满完成次数： 0 丢失： 39 过近碰撞： 0 当前步长: 8 平均步长： 32.06493506506494 平均奖励: 0.7329530663610117
跟丢了: 9
碰撞次数： 0 圆满完成次数： 0 丢失： 40 过近碰撞： 0 当前步长: 9 平均步长： 31.367088607721517 平均奖励: 0.7320232353255958
跟丢了: 10
碰撞次数： 0 圆满完成次数： 0 丢失： 41 过近碰撞： 0 当前步长: 10 平均步长： 30.716049382839504 平均奖励: 0.7310671336748643
跟丢了: 210
碰撞次数： 0 圆满完成次数： 0 丢失： 42 过近碰撞： 0 当前步长: 210 平均步长： 32.506024096506025 平均奖励: 0.7322374794461874
跟丢了: 9
碰撞次数： 0 圆满完成次数： 0 丢失： 43 过近碰撞： 0 当前步长: 9 平均步长： 31.847058823647057 平均奖励: 0.731437933340712
跟丢了: 7
碰撞次数： 0 圆满完成次数： 0 丢失： 44 过近碰撞： 0 当前步长: 7 平均步长： 31.195402298965515 平均奖励: 0.7308334924718564
跟丢了: 7
碰撞次数： 0 圆满完成次数： 0 丢失： 45 过近碰撞： 0 当前步长: 7 平均步长： 30.573033707977526 平均奖励: 0.7301885891646579
跟丢了: 8
碰撞次数： 0 圆满完成次数： 0 丢失： 46 过近碰撞： 0 当前步长: 8 平均步长： 29.989010989120878 平均奖励: 0.7294881333430371
跟丢了: 8
碰撞次数： 0 圆满完成次数： 0 丢失： 47 过近碰撞： 0 当前步长: 8 平均步长： 29.430107526989246 平均奖励: 0.7286058273780974
跟丢了: 24
碰撞次数： 0 圆满完成次数： 0 丢失： 48 过近碰撞： 0 当前步长: 24 平均步长： 29.063157894842103 平均奖励: 0.7272249643315415
跟丢了: 24
碰撞次数： 0 跟丢了: 8
碰撞次数： 0 圆满完成次数： 0 丢失： 1 过近碰撞： 0 当前步长: 8 平均步长： 8.00000001 平均奖励: 0.4929672285989186
跟丢了: 11
碰撞次数： 0 圆满完成次数： 0 丢失： 2 过近碰撞： 0 当前步长: 11 平均步长： 6.333333336666667 平均奖励: 0.5657175723976654
跟丢了: 7
碰撞次数： 0 圆满完成次数： 0 丢失： 3 过近碰撞： 0 当前步长: 7 平均步长： 5.200000002 平均奖励: 0.5410015376832046
跟丢了: 8
碰撞次数： 0 圆满完成次数： 0 丢失： 4 过近碰撞： 0 当前步长: 8 平均步长： 4.857142858571429 平均奖励: 0.5131884372466738
跟丢了: 7
碰撞次数： 0 圆满完成次数： 0 丢失： 5 过近碰撞： 0 当前步长: 7 平均步长： 4.555555556666667 平均奖励: 0.4992424295836352
跟丢了: 7
碰撞次数： 0 圆满完成次数： 0 丢失： 6 过近碰撞： 0 当前步长: 7 平均步长： 4.363636364545455 平均奖励: 0.4968357493436692
跟丢了: 10
碰撞次数： 0 圆满完成次数： 0 丢失： 7 过近碰撞： 0 当前步长: 10 平均步长： 4.461538462307693 平均奖励: 0.49248087162823095
跟丢了: 13
碰撞次数： 0 圆满完成次数： 0 丢失： 8 过近碰撞： 0 当前步长: 13 平均步长： 4.733333334 平均奖励: 0.5094528403183104
跟丢了: 159
碰撞次数： 0 圆满完成次数： 0 丢失： 9 过近碰撞： 0 当前步长: 159 平均步长： 13.529411765294117 平均奖励: 0.7198334945484568
跟丢了: 9
碰撞次数： 0 圆满完成次数： 0 丢失： 10 过近碰撞： 0 当前步长: 9 平均步长： 12.578947368947368 平均奖励: 0.7118003478083328
跟丢了: 8
碰撞次数： 0 圆满完成次数： 0 丢失： 11 过近碰撞： 0 当前步长: 8 平均步长： 11.761904762380953 平均奖励: 0.7023452926202846
跟丢了: 10
碰撞次数： 0 圆满完成次数： 0 丢失： 12 过近碰撞： 0 当前步长: 10 平均步长： 11.173913043913045 平均奖励: 0.6931897947363866
跟丢了: 7
碰撞次数： 0 圆满完成次数： 0 丢失： 13 过近碰撞： 0 当前步长: 7 平均步长： 10.5600000004 平均奖励: 0.6875369941110396
跟丢了: 318
碰撞次数： 0 圆满完成次数： 0 丢失： 14 过近碰撞： 0 当前步长: 318 平均步长： 21.555555555925928 平均奖励: 0.7158680331124371
跟丢了: 7
碰撞次数： 0 圆满完成次数： 0 丢失： 15 过近碰撞： 0 当前步长: 7 平均步长： 20.310344827931036 平均奖励: 0.7130647404701363
跟丢了: 7
碰撞次数： 0 圆满完成次数： 0 丢失： 16 过近碰撞： 0 当前步长: 7 平均步长： 19.225806451935483 平均奖励: 0.7096551312546377
跟丢了: 8
碰撞次数： 0 圆满完成次数： 0 丢失： 17 过近碰撞： 0 当前步长: 8 平均步长： 18.303030303333333 平均奖励: 0.7057599244901078
跟丢了: 7
碰撞次数： 0 圆满完成次数： 0 丢失： 18 过近碰撞： 0 当前步长: 7 平均步长： 17.457142857428572 平均奖励: 0.7025617405454979
跟丢了: 7
碰撞次数： 0 圆满完成次数： 0 丢失： 19 过近碰撞： 0 当前步长: 7 平均步长： 16.702702702972974 平均奖励: 0.6995003915807837
跟丢了: 7
碰撞次数： 0 圆满完成次数： 0 丢失： 20 过近碰撞： 0 当前步长: 7 平均步长： 16.025641025897436 平均奖励: 0.6968302249871855
跟丢了: 9
碰撞次数： 0 圆满完成次数： 0 丢失： 21 过近碰撞： 0 当前步长: 9 平均步长： 15.463414634390244 平均奖励: 0.6926891657541441
跟丢了: 10
碰撞次数： 0 圆满完成次数： 0 丢失： 22 过近碰撞： 0 当前步长: 10 平均步长： 14.97674418627907 平均奖励: 0.6876598643177086
跟丢了: 16
碰撞次数： 0 圆满完成次数： 0 丢失： 23 过近碰撞： 0 当前步长: 16 平均步长： 14.666666666888888 平均奖励: 0.6776720877888862
跟丢了: 9
碰撞次数： 0 圆满完成次数： 0 丢失： 24 过近碰撞： 0 当前步长: 9 平均步长： 14.234042553404256 平均奖励: 0.6762561504456002
跟丢了: 9
碰撞次数： 0 圆满完成次数： 0 丢失： 25 过近碰撞： 0 当前步长: 9 平均步长： 13.836734694081633 平均奖励: 0.6738308157597362
跟丢了: 11
碰撞次数： 0 圆满完成次数： 0 丢失： 26 过近碰撞： 0 当前步长: 11 平均步长： 13.509803921764705 平均奖励: 0.6700497394362094
跟丢了: 7
碰撞次数： 0 圆满完成次数： 0 丢失： 27 过近碰撞： 0 当前步长: 7 平均步长： 13.132075471886793 平均奖励: 0.6677123691232405
跟丢了: 1665
碰撞次数： 0 圆满完成次数： 0 丢失： 28 过近碰撞： 0 当前步长: 1665 平均步长： 42.92727272745454 平均奖励: 0.7043235135269327
跟丢了: 7
碰撞次数： 0 圆满完成次数： 0 丢失： 29 过近碰撞： 0 当前步长: 7 平均步长： 41.54385964929824 平均奖励: 0.7035758832992401
跟丢了: 11
碰撞次数： 0 圆满完成次数： 0 丢失： 30 过近碰撞： 0 当前步长: 11 平均步长： 40.32203389847457 平均奖励: 0.7024633071954445
跟丢了: 8
碰撞次数： 0 圆满完成次数： 0 丢失： 31 过近碰撞： 0 当前步长: 8 平均步长： 39.13114754114754 平均奖励: 0.7016506523237553
跟丢了: 11
碰撞次数： 0 圆满完成次数： 0 丢失： 32 过近碰撞： 0 当前步长: 11 平均步长： 38.06349206365079 平均奖励: 0.7005124930744668
跟丢了: 11
碰撞次数： 0 圆满完成次数： 0 丢失： 33 过近碰撞： 0 当前步长: 11 平均步长： 37.06153846169231 平均奖励: 0.6993505666732094
跟丢了: 8
碰撞次数： 0 圆满完成次数： 0 丢失： 34 过近碰撞： 0 当前步长: 8 平均步长： 36.074626865820896 平均奖励: 0.6985588472790435
跟丢了: 8
碰撞次数： 0 圆满完成次数： 0 丢失： 35 过近碰撞： 0 当前步长: 8 平均步长： 35.14492753637681 平均奖励: 0.6977337382444428
跟丢了: 36
碰撞次数： 0 圆满完成次数： 0 丢失： 36 过近碰撞： 0 当前步长: 36 平均步长： 34.661971831126756 平均奖励: 0.6920730141572452
跟丢了: 859
碰撞次数： 0 圆满完成次数： 0 丢失： 37 过近碰撞： 0 当前步长: 859 平均步长： 45.47945205493151 平均奖励: 0.7229770668531295
跟丢了: 9
碰撞次数： 0 圆满完成次数： 0 丢失： 38 过近碰撞： 0 当前步长: 9 平均步长： 44.3866666668 平均奖励: 0.7221719640234445
跟丢了: 7
碰撞次数： 0 圆满完成次数： 0 丢失： 39 过近碰撞： 0 当前步长: 7 平均步长： 43.32467532480519 平均奖励: 0.7212831931866096
跟丢了: 10
碰撞次数： 0 圆满完成次数： 0 丢失： 40 过近碰撞： 0 当前步长: 10 平均步长： 42.35443037987341 平均奖励: 0.7205568273577537
跟丢了: 7
碰撞次数： 0 圆满完成次数： 0 丢失： 41 过近碰撞： 0 当前步长: 7 平均步长： 41.39506172851852 平均奖励: 0.7199631116810221
跟丢了: 9
碰撞次数： 0 圆满完成次数： 0 丢失： 42 过近碰撞： 0 当前步长: 9 平均步长： 40.506024096506025 平均奖励: 0.7192145022504282
跟丢了: 9
碰撞次数： 0 圆满完成次数： 0 丢失： 43 过近碰撞： 0 当前步长: 9 平均步长： 39.658823529529414 平均奖励: 0.7184981375870033
跟丢了: 13
碰撞次数： 0 圆满完成次数： 0 丢失： 44 过近碰撞： 0 当前步长: 13 平均步长： 38.89655172425287 平均奖励: 0.717940354867749
跟丢了: 9
碰撞次数： 0 圆满完成次数： 0 丢失： 45 过近碰撞： 0 当前步长: 9 平均步长： 38.123595505730336 平均奖励: 0.7171591599819931
跟丢了: 7
碰撞次数： 0 圆满完成次数： 0 丢失： 46 过近碰撞： 0 当前步长: 7 平均步长： 37.36263736274725 平均奖励: 0.7165705239182584
跟丢了: 19
碰撞次数： 0 圆满完成次数： 0 丢失： 47 过近碰撞： 0 当前步长: 19 平均步长： 36.76344086032258 平均奖励: 0.7158664436331791
跟丢了: 8
碰撞次数： 0 圆满完成次数： 0 丢失： 48 过近碰撞： 0 当前步长: 8 平均步长： 36.073684210631576 平均奖励: 0.7151799999158537
跟丢了: 182
碰撞次数： 0 跟丢了: 15
碰撞次数： 0 圆满完成次数： 0 丢失： 1 过近碰撞： 0 当前步长: 15 平均步长： 15.00000001 平均奖励: 0.5604620972023818
跟丢了: 12
碰撞次数： 0 圆满完成次数： 0 丢失： 2 过近碰撞： 0 当前步长: 12 平均步长： 9.000000003333334 平均奖励: 0.5141459340251326
跟丢了: 9
碰撞次数： 0 圆满完成次数： 0 丢失： 3 过近碰撞： 0 当前步长: 9 平均步长： 7.200000002 平均奖励: 0.5075762223478697
跟丢了: 8
碰撞次数： 0 圆满完成次数： 0 丢失： 4 过近碰撞： 0 当前步长: 8 平均步长： 6.2857142871428575 平均奖励: 0.5042444689581985
跟丢了: 7
碰撞次数： 0 圆满完成次数： 0 丢失： 5 过近碰撞： 0 当前步长: 7 平均步长： 5.666666667777778 平均奖励: 0.4936974244969753
圆满完成了本episode:
碰撞次数： 0 圆满完成次数： 1 丢失： 5 过近碰撞： 0 当前步长: 2000 平均步长： 186.45454545545454 平均奖励: 0.8028305322937033
跟丢了: 506
碰撞次数： 0 圆满完成次数： 1 丢失： 6 过近碰撞： 0 当前步长: 506 平均步长： 196.6923076930769 平均奖励: 0.8028102901526109
跟丢了: 9
碰撞次数： 0 圆满完成次数： 1 丢失： 7 过近碰撞： 0 当前步长: 9 平均步长： 171.06666666733332 平均奖励: 0.8019134648998959
跟丢了: 899
碰撞次数： 0 圆满完成次数： 1 丢失： 8 过近碰撞： 0 当前步长: 899 平均步长： 203.82352941235294 平均奖励: 0.7975472428252476
跟丢了: 18
碰撞次数： 0 圆满完成次数： 1 丢失： 9 过近碰撞： 0 当前步长: 18 平均步长： 183.31578947421053 平均奖励: 0.796033809970583
跟丢了: 36
碰撞次数： 0 圆满完成次数： 1 丢失： 10 过近碰撞： 0 当前步长: 36 平均步长： 167.57142857190476 平均奖励: 0.7948083841661852
跟丢了: 7
碰撞次数： 0 圆满完成次数： 1 丢失： 11 过近碰撞： 0 当前步长: 7 平均步长： 153.30434782652173 平均奖励: 0.7941671059648886
跟丢了: 281
碰撞次数： 0 圆满完成次数： 1 丢失： 12 过近碰撞： 0 当前步长: 281 平均步长： 152.2800000004 平均奖励: 0.7920649294779933
跟丢了: 10
碰撞次数： 0 圆满完成次数： 1 丢失： 13 过近碰撞： 0 当前步长: 10 平均步长： 141.37037037074074 平均奖励: 0.791449403357733
跟丢了: 10
碰撞次数： 0 圆满完成次数： 1 丢失： 14 过近碰撞： 0 当前步长: 10 平均步长： 131.96551724172414 平均奖励: 0.7907748150043091
跟丢了: 7
碰撞次数： 0 圆满完成次数： 1 丢失： 15 过近碰撞： 0 当前步长: 7 平均步长： 123.67741935516129 平均奖励: 0.7901724301537875
跟丢了: 263
碰撞次数： 0 圆满完成次数： 1 丢失： 16 过近碰撞： 0 当前步长: 263 平均步长： 124.15151515181817 平均奖励: 0.7841861358885914
跟丢了: 1385
碰撞次数： 0 圆满完成次数： 1 丢失： 17 过近碰撞： 0 当前步长: 1385 平均步长： 156.62857142885713 平均奖励: 0.7639278135868771
跟丢了: 10
碰撞次数： 0 圆满完成次数： 1 丢失： 18 过近碰撞： 0 当前步长: 10 平均步长： 148.4324324327027 平均奖励: 0.7635189571777917
跟丢了: 8
碰撞次数： 0 圆满完成次数： 1 丢失： 19 过近碰撞： 0 当前步长: 8 平均步长： 141.02564102589744 平均奖励: 0.7630115825525453
跟丢了: 9
碰撞次数： 0 圆满完成次数： 1 丢失： 20 过近碰撞： 0 当前步长: 9 平均步长： 134.36585365878048 平均奖励: 0.7624642538706816
跟丢了: 8
碰撞次数： 0 圆满完成次数： 1 丢失： 21 过近碰撞： 0 当前步长: 8 平均步长： 128.3023255816279 平均奖励: 0.762013694408849
跟丢了: 20
碰撞次数： 0 圆满完成次数： 1 丢失： 22 过近碰撞： 0 当前步长: 20 平均步长： 123.04444444466667 平均奖励: 0.7609937368976725
跟丢了: 9
碰撞次数： 0 圆满完成次数： 1 丢失： 23 过近碰撞： 0 当前步长: 9 平均步长： 118.00000000021276 平均奖励: 0.7605423109011683
跟丢了: 9
碰撞次数： 0 圆满完成次数： 1 丢失： 24 过近碰撞： 0 当前步长: 9 平均步长： 113.3673469389796 平均奖励: 0.7601641556689335
跟丢了: 8
碰撞次数： 0 圆满完成次数： 1 丢失： 25 过近碰撞： 0 当前步长: 8 平均步长： 109.0784313727451 平均奖励: 0.759730332650496
跟丢了: 11
碰撞次数： 0 圆满完成次数： 1 丢失： 26 过近碰撞： 0 当前步长: 11 平均步长： 105.1698113209434 平均奖励: 0.7588928471525679
跟丢了: 7
碰撞次数： 0 圆满完成次数： 1 丢失： 27 过近碰撞： 0 当前步长: 7 平均步长： 101.47272727290908 平均奖励: 0.7584707558904146
跟丢了: 17
碰撞次数： 0 圆满完成次数： 1 丢失： 28 过近碰撞： 0 当前步长: 17 平均步长： 98.21052631596491 平均奖励: 0.7575507029689476
跟丢了: 9
碰撞次数： 0 圆满完成次数： 1 丢失： 29 过近碰撞： 0 当前步长: 9 平均步长： 95.03389830525424 平均奖励: 0.7571319269267268
跟丢了: 208
碰撞次数： 0 圆满完成次数： 1 丢失： 30 过近碰撞： 0 当前步长: 208 平均步长： 95.32786885262296 平均奖励: 0.7569862716450785
跟丢了: 7
碰撞次数： 0 圆满完成次数： 1 丢失： 31 过近碰撞： 0 当前步长: 7 平均步长： 92.41269841285714 平均奖励: 0.75664527785991
跟丢了: 8
碰撞次数： 0 圆满完成次数： 1 丢失： 32 过近碰撞： 0 当前步长: 8 平均步长： 89.69230769246154 平均奖励: 0.7562675960726674
跟丢了: 7
碰撞次数： 0 圆满完成次数： 1 丢失： 33 过近碰撞： 0 当前步长: 7 平均步长： 87.11940298522389 平均奖励: 0.7558721874418872
跟丢了: 10
碰撞次数： 0 圆满完成次数： 1 丢失： 34 过近碰撞： 0 当前步长: 10 平均步长： 84.73913043492753 平均奖励: 0.755292400659948
跟丢了: 10
碰撞次数： 0 圆满完成次数： 1 丢失： 35 过近碰撞： 0 当前步长: 10 平均步长： 82.49295774661972 平均奖励: 0.754809254506144
跟丢了: 16
碰撞次数： 0 圆满完成次数： 1 丢失： 36 过近碰撞： 0 当前步长: 16 平均步长： 80.45205479465753 平均奖励: 0.754243209281811
跟丢了: 8
碰撞次数： 0 圆满完成次数： 1 丢失： 37 过近碰撞： 0 当前步长: 8 平均步长： 78.41333333346667 平均奖励: 0.7537836676038778
跟丢了: 25
碰撞次数： 0 圆满完成次数： 1 丢失： 38 过近碰撞： 0 当前步长: 25 平均步长： 76.70129870142857 平均奖励: 0.752927958227769
跟丢了: 10
碰撞次数： 0 圆满完成次数： 1 丢失： 39 过近碰撞： 0 当前步长: 10 平均步长： 74.88607594949367 平均奖励: 0.7526330349062591
跟丢了: 7
碰撞次数： 0 圆满完成次数： 1 丢失： 40 过近碰撞： 0 当前步长: 7 平均步长： 73.1234567902469 平均奖励: 0.75230437972776
跟丢了: 19
碰撞次数： 0 圆满完成次数： 1 丢失： 41 过近碰撞： 0 当前步长: 19 平均步长： 71.59036144590361 平均奖励: 0.7515943733657712
跟丢了: 7
碰撞次数： 0 圆满完成次数： 1 丢失： 42 过近碰撞： 0 当前步长: 7 平均步长： 69.9882352942353 平均奖励: 0.7512589444649632
跟丢了: 8
碰撞次数： 0 圆满完成次数： 1 丢失： 43 过近碰撞： 0 当前步长: 8 平均步长： 68.47126436793103 平均奖励: 0.7508512685909653
跟丢了: 10
碰撞次数： 0 圆满完成次数： 1 丢失： 44 过近碰撞： 0 当前步长: 10 平均步长： 67.04494382033708 平均奖励: 0.7504216442798678
跟丢了: 13
碰撞次数： 0 圆满完成次数： 1 丢失： 45 过近碰撞： 0 当前步长: 13 平均步长： 65.7142857143956 平均奖励: 0.7499535254781949
跟丢了: 18
碰撞次数： 0 圆满完成次数： 1 丢失： 46 过近碰撞： 0 当前步长: 18 平均步长： 64.4946236560215 平均奖励: 0.7492027746885445
跟丢了: 11
碰撞次数： 0 圆满完成次数： 1 丢失： 47 过近碰撞： 0 当前步长: 11 平均步长： 63.25263157905263 平均奖励: 0.7487757937152565
tracker发生碰撞: train policy is saved
Policy learned!
Policy learned!
train policy is saved
Policy learned!
train policy is saved
Policy learned!
Policy learned!
train policy is saved
Policy learned!
Policy learned!
train policy is saved
Policy learned!
Policy learned!
Policy learned!
Policy learned!
Policy learned!
Policy learned!
Policy learned!
Policy learned!
Policy learned!
Policy learned!
train policy is saved
Policy learned!
Policy learned!
Policy learned!
Policy learned!
Policy learned!
Policy learned!
Policy learned!
Policy learned!
Policy learned!
Policy learned!
train policy is saved
Policy learned!
Policy learned!
Policy learned!
Policy learned!
Policy learned!
Policy learned!
Policy learned!
Policy learned!
Policy learned!
Policy learned!
Policy learned!
Policy learned!
Policy learned!
Policy learned!
Policy learned!
Policy learned!
Policy learned!
Policy learned!
Policy learned!
Policy learned!
Policy learned!
Policy learned!
Policy learned!
Policy learned!
Policy learned!
train policy is saved
Policy learned!
Policy learned!
Policy learned!
Policy learned!
Policy learned!
Policy learned!
Policy learned!
Policy learned!
Policy learned!
Policy learned!
Policy learned!
Policy learned!
Policy learned!
test policy is saved
reset policy is saved
Epoch #1: test_reward: 17.284470 ± 15.016558, best_reward: 17.284470 ± 15.016558 in #1
